{"/Users/d/projects/personal-finance-tracker/src/app.js": {"path":"/Users/d/projects/personal-finance-tracker/src/app.js","statementMap":{"0":{"start":{"line":1,"column":16},"end":{"line":1,"column":34}},"1":{"start":{"line":2,"column":13},"end":{"line":2,"column":28}},"2":{"start":{"line":3,"column":15},"end":{"line":3,"column":32}},"3":{"start":{"line":4,"column":20},"end":{"line":4,"column":42}},"4":{"start":{"line":5,"column":15},"end":{"line":5,"column":32}},"5":{"start":{"line":6,"column":19},"end":{"line":6,"column":44}},"6":{"start":{"line":7,"column":26},"end":{"line":7,"column":77}},"7":{"start":{"line":8,"column":25},"end":{"line":8,"column":75}},"8":{"start":{"line":9,"column":27},"end":{"line":9,"column":80}},"9":{"start":{"line":10,"column":21},"end":{"line":10,"column":47}},"10":{"start":{"line":11,"column":21},"end":{"line":11,"column":57}},"11":{"start":{"line":12,"column":20},"end":{"line":12,"column":55}},"12":{"start":{"line":13,"column":24},"end":{"line":13,"column":63}},"13":{"start":{"line":14,"column":24},"end":{"line":14,"column":53}},"14":{"start":{"line":15,"column":22},"end":{"line":15,"column":51}},"15":{"start":{"line":16,"column":35},"end":{"line":16,"column":63}},"16":{"start":{"line":17,"column":12},"end":{"line":17,"column":34}},"17":{"start":{"line":18,"column":20},"end":{"line":18,"column":52}},"18":{"start":{"line":19,"column":16},"end":{"line":19,"column":34}},"19":{"start":{"line":20,"column":15},"end":{"line":20,"column":32}},"20":{"start":{"line":21,"column":48},"end":{"line":21,"column":76}},"21":{"start":{"line":23,"column":12},"end":{"line":23,"column":21}},"22":{"start":{"line":26,"column":0},"end":{"line":26,"column":64}},"23":{"start":{"line":29,"column":0},"end":{"line":46,"column":4}},"24":{"start":{"line":49,"column":0},"end":{"line":55,"column":4}},"25":{"start":{"line":58,"column":16},"end":{"line":64,"column":2}},"26":{"start":{"line":65,"column":0},"end":{"line":65,"column":17}},"27":{"start":{"line":68,"column":22},"end":{"line":78,"column":2}},"28":{"start":{"line":81,"column":0},"end":{"line":81,"column":23}},"29":{"start":{"line":82,"column":0},"end":{"line":82,"column":24}},"30":{"start":{"line":83,"column":0},"end":{"line":83,"column":48}},"31":{"start":{"line":84,"column":0},"end":{"line":88,"column":4}},"32":{"start":{"line":86,"column":24},"end":{"line":86,"column":51}},"33":{"start":{"line":91,"column":0},"end":{"line":91,"column":25}},"34":{"start":{"line":92,"column":0},"end":{"line":92,"column":21}},"35":{"start":{"line":95,"column":0},"end":{"line":95,"column":37}},"36":{"start":{"line":96,"column":0},"end":{"line":96,"column":39}},"37":{"start":{"line":99,"column":0},"end":{"line":109,"column":3}},"38":{"start":{"line":100,"column":2},"end":{"line":107,"column":3}},"39":{"start":{"line":101,"column":4},"end":{"line":106,"column":7}},"40":{"start":{"line":108,"column":2},"end":{"line":108,"column":9}},"41":{"start":{"line":112,"column":0},"end":{"line":112,"column":22}},"42":{"start":{"line":115,"column":0},"end":{"line":126,"column":3}},"43":{"start":{"line":116,"column":2},"end":{"line":125,"column":3}},"44":{"start":{"line":117,"column":20},"end":{"line":117,"column":46}},"45":{"start":{"line":118,"column":4},"end":{"line":120,"column":5}},"46":{"start":{"line":119,"column":6},"end":{"line":119,"column":80}},"47":{"start":{"line":121,"column":4},"end":{"line":121,"column":11}},"48":{"start":{"line":123,"column":4},"end":{"line":123,"column":54}},"49":{"start":{"line":124,"column":4},"end":{"line":124,"column":65}},"50":{"start":{"line":129,"column":0},"end":{"line":145,"column":3}},"51":{"start":{"line":130,"column":2},"end":{"line":144,"column":3}},"52":{"start":{"line":131,"column":21},"end":{"line":131,"column":47}},"53":{"start":{"line":132,"column":4},"end":{"line":137,"column":7}},"54":{"start":{"line":139,"column":4},"end":{"line":139,"column":48}},"55":{"start":{"line":140,"column":4},"end":{"line":143,"column":7}},"56":{"start":{"line":148,"column":0},"end":{"line":169,"column":3}},"57":{"start":{"line":149,"column":2},"end":{"line":149,"column":65}},"58":{"start":{"line":151,"column":2},"end":{"line":168,"column":3}},"59":{"start":{"line":153,"column":4},"end":{"line":153,"column":39}},"60":{"start":{"line":156,"column":4},"end":{"line":156,"column":38}},"61":{"start":{"line":159,"column":4},"end":{"line":159,"column":44}},"62":{"start":{"line":161,"column":4},"end":{"line":161,"column":22}},"63":{"start":{"line":163,"column":4},"end":{"line":163,"column":60}},"64":{"start":{"line":164,"column":4},"end":{"line":164,"column":20}},"65":{"start":{"line":166,"column":4},"end":{"line":166,"column":59}},"66":{"start":{"line":167,"column":4},"end":{"line":167,"column":20}},"67":{"start":{"line":172,"column":13},"end":{"line":172,"column":37}},"68":{"start":{"line":173,"column":15},"end":{"line":182,"column":2}},"69":{"start":{"line":174,"column":2},"end":{"line":181,"column":3}},"70":{"start":{"line":175,"column":21},"end":{"line":175,"column":47}},"71":{"start":{"line":176,"column":4},"end":{"line":176,"column":50}},"72":{"start":{"line":177,"column":4},"end":{"line":177,"column":78}},"73":{"start":{"line":179,"column":4},"end":{"line":179,"column":49}},"74":{"start":{"line":180,"column":4},"end":{"line":180,"column":20}},"75":{"start":{"line":184,"column":0},"end":{"line":191,"column":3}},"76":{"start":{"line":185,"column":2},"end":{"line":185,"column":62}},"77":{"start":{"line":186,"column":2},"end":{"line":186,"column":20}},"78":{"start":{"line":187,"column":2},"end":{"line":190,"column":5}},"79":{"start":{"line":188,"column":4},"end":{"line":188,"column":33}},"80":{"start":{"line":189,"column":4},"end":{"line":189,"column":20}},"81":{"start":{"line":193,"column":0},"end":{"line":193,"column":21}}},"fnMap":{"0":{"name":"(anonymous_0)","decl":{"start":{"line":86,"column":11},"end":{"line":86,"column":12}},"loc":{"start":{"line":86,"column":24},"end":{"line":86,"column":51}},"line":86},"1":{"name":"(anonymous_1)","decl":{"start":{"line":99,"column":8},"end":{"line":99,"column":9}},"loc":{"start":{"line":99,"column":28},"end":{"line":109,"column":1}},"line":99},"2":{"name":"(anonymous_2)","decl":{"start":{"line":115,"column":8},"end":{"line":115,"column":9}},"loc":{"start":{"line":115,"column":34},"end":{"line":126,"column":1}},"line":115},"3":{"name":"(anonymous_3)","decl":{"start":{"line":129,"column":23},"end":{"line":129,"column":24}},"loc":{"start":{"line":129,"column":43},"end":{"line":145,"column":1}},"line":129},"4":{"name":"(anonymous_4)","decl":{"start":{"line":148,"column":22},"end":{"line":148,"column":23}},"loc":{"start":{"line":148,"column":34},"end":{"line":169,"column":1}},"line":148},"5":{"name":"(anonymous_5)","decl":{"start":{"line":173,"column":32},"end":{"line":173,"column":33}},"loc":{"start":{"line":173,"column":44},"end":{"line":182,"column":1}},"line":173},"6":{"name":"(anonymous_6)","decl":{"start":{"line":184,"column":21},"end":{"line":184,"column":22}},"loc":{"start":{"line":184,"column":33},"end":{"line":191,"column":1}},"line":184},"7":{"name":"(anonymous_7)","decl":{"start":{"line":187,"column":15},"end":{"line":187,"column":16}},"loc":{"start":{"line":187,"column":21},"end":{"line":190,"column":3}},"line":187}},"branchMap":{"0":{"loc":{"start":{"line":50,"column":10},"end":{"line":50,"column":84}},"type":"cond-expr","locations":[{"start":{"line":50,"column":40},"end":{"line":50,"column":78}},{"start":{"line":50,"column":81},"end":{"line":50,"column":84}}],"line":50},"1":{"loc":{"start":{"line":69,"column":10},"end":{"line":69,"column":53}},"type":"binary-expr","locations":[{"start":{"line":69,"column":10},"end":{"line":69,"column":32}},{"start":{"line":69,"column":36},"end":{"line":69,"column":53}}],"line":69},"2":{"loc":{"start":{"line":100,"column":2},"end":{"line":107,"column":3}},"type":"if","locations":[{"start":{"line":100,"column":2},"end":{"line":107,"column":3}},{"start":{},"end":{}}],"line":100},"3":{"loc":{"start":{"line":118,"column":4},"end":{"line":120,"column":5}},"type":"if","locations":[{"start":{"line":118,"column":4},"end":{"line":120,"column":5}},{"start":{},"end":{}}],"line":118},"4":{"loc":{"start":{"line":135,"column":16},"end":{"line":135,"column":55}},"type":"cond-expr","locations":[{"start":{"line":135,"column":27},"end":{"line":135,"column":38}},{"start":{"line":135,"column":41},"end":{"line":135,"column":55}}],"line":135},"5":{"loc":{"start":{"line":172,"column":13},"end":{"line":172,"column":37}},"type":"binary-expr","locations":[{"start":{"line":172,"column":13},"end":{"line":172,"column":29}},{"start":{"line":172,"column":33},"end":{"line":172,"column":37}}],"line":172},"6":{"loc":{"start":{"line":177,"column":40},"end":{"line":177,"column":74}},"type":"cond-expr","locations":[{"start":{"line":177,"column":51},"end":{"line":177,"column":63}},{"start":{"line":177,"column":66},"end":{"line":177,"column":74}}],"line":177}},"s":{"0":0,"1":0,"2":0,"3":0,"4":0,"5":0,"6":0,"7":0,"8":0,"9":0,"10":0,"11":0,"12":0,"13":0,"14":0,"15":0,"16":0,"17":0,"18":0,"19":0,"20":0,"21":0,"22":0,"23":0,"24":0,"25":0,"26":0,"27":0,"28":0,"29":0,"30":0,"31":0,"32":0,"33":0,"34":0,"35":0,"36":0,"37":0,"38":0,"39":0,"40":0,"41":0,"42":0,"43":0,"44":0,"45":0,"46":0,"47":0,"48":0,"49":0,"50":0,"51":0,"52":0,"53":0,"54":0,"55":0,"56":0,"57":0,"58":0,"59":0,"60":0,"61":0,"62":0,"63":0,"64":0,"65":0,"66":0,"67":0,"68":0,"69":0,"70":0,"71":0,"72":0,"73":0,"74":0,"75":0,"76":0,"77":0,"78":0,"79":0,"80":0,"81":0},"f":{"0":0,"1":0,"2":0,"3":0,"4":0,"5":0,"6":0,"7":0},"b":{"0":[0,0],"1":[0,0],"2":[0,0],"3":[0,0],"4":[0,0],"5":[0,0],"6":[0,0]}}
,"/Users/d/projects/personal-finance-tracker/src/controllers/dashboard/metricsController.js": {"path":"/Users/d/projects/personal-finance-tracker/src/controllers/dashboard/metricsController.js","statementMap":{"0":{"start":{"line":1,"column":23},"end":{"line":1,"column":73}},"1":{"start":{"line":2,"column":21},"end":{"line":2,"column":50}},"2":{"start":{"line":4,"column":19},"end":{"line":16,"column":1}},"3":{"start":{"line":5,"column":2},"end":{"line":15,"column":3}},"4":{"start":{"line":6,"column":32},"end":{"line":6,"column":41}},"5":{"start":{"line":7,"column":20},"end":{"line":7,"column":68}},"6":{"start":{"line":8,"column":4},"end":{"line":12,"column":7}},"7":{"start":{"line":14,"column":4},"end":{"line":14,"column":65}},"8":{"start":{"line":18,"column":25},"end":{"line":29,"column":1}},"9":{"start":{"line":19,"column":2},"end":{"line":28,"column":3}},"10":{"start":{"line":20,"column":20},"end":{"line":20,"column":59}},"11":{"start":{"line":21,"column":4},"end":{"line":25,"column":7}},"12":{"start":{"line":27,"column":4},"end":{"line":27,"column":72}},"13":{"start":{"line":31,"column":30},"end":{"line":43,"column":1}},"14":{"start":{"line":32,"column":2},"end":{"line":42,"column":3}},"15":{"start":{"line":33,"column":32},"end":{"line":33,"column":41}},"16":{"start":{"line":34,"column":20},"end":{"line":34,"column":79}},"17":{"start":{"line":35,"column":4},"end":{"line":39,"column":7}},"18":{"start":{"line":41,"column":4},"end":{"line":41,"column":77}},"19":{"start":{"line":45,"column":23},"end":{"line":57,"column":1}},"20":{"start":{"line":46,"column":2},"end":{"line":56,"column":3}},"21":{"start":{"line":47,"column":32},"end":{"line":47,"column":41}},"22":{"start":{"line":48,"column":20},"end":{"line":48,"column":72}},"23":{"start":{"line":49,"column":4},"end":{"line":53,"column":7}},"24":{"start":{"line":55,"column":4},"end":{"line":55,"column":70}},"25":{"start":{"line":59,"column":0},"end":{"line":64,"column":2}}},"fnMap":{"0":{"name":"(anonymous_0)","decl":{"start":{"line":4,"column":19},"end":{"line":4,"column":20}},"loc":{"start":{"line":4,"column":45},"end":{"line":16,"column":1}},"line":4},"1":{"name":"(anonymous_1)","decl":{"start":{"line":18,"column":25},"end":{"line":18,"column":26}},"loc":{"start":{"line":18,"column":51},"end":{"line":29,"column":1}},"line":18},"2":{"name":"(anonymous_2)","decl":{"start":{"line":31,"column":30},"end":{"line":31,"column":31}},"loc":{"start":{"line":31,"column":56},"end":{"line":43,"column":1}},"line":31},"3":{"name":"(anonymous_3)","decl":{"start":{"line":45,"column":23},"end":{"line":45,"column":24}},"loc":{"start":{"line":45,"column":49},"end":{"line":57,"column":1}},"line":45}},"branchMap":{},"s":{"0":0,"1":0,"2":0,"3":0,"4":0,"5":0,"6":0,"7":0,"8":0,"9":0,"10":0,"11":0,"12":0,"13":0,"14":0,"15":0,"16":0,"17":0,"18":0,"19":0,"20":0,"21":0,"22":0,"23":0,"24":0,"25":0},"f":{"0":0,"1":0,"2":0,"3":0},"b":{}}
,"/Users/d/projects/personal-finance-tracker/src/middleware/errorHandler.js": {"path":"/Users/d/projects/personal-finance-tracker/src/middleware/errorHandler.js","statementMap":{"0":{"start":{"line":1,"column":19},"end":{"line":1,"column":45}},"1":{"start":{"line":2,"column":24},"end":{"line":2,"column":82}},"2":{"start":{"line":45,"column":4},"end":{"line":45,"column":39}},"3":{"start":{"line":48,"column":21},"end":{"line":203,"column":1}},"4":{"start":{"line":50,"column":23},"end":{"line":59,"column":3}},"5":{"start":{"line":62,"column":2},"end":{"line":62,"column":50}},"6":{"start":{"line":65,"column":2},"end":{"line":67,"column":3}},"7":{"start":{"line":66,"column":4},"end":{"line":66,"column":57}},"8":{"start":{"line":70,"column":2},"end":{"line":77,"column":3}},"9":{"start":{"line":71,"column":4},"end":{"line":76,"column":7}},"10":{"start":{"line":80,"column":2},"end":{"line":87,"column":3}},"11":{"start":{"line":81,"column":4},"end":{"line":86,"column":7}},"12":{"start":{"line":89,"column":2},"end":{"line":96,"column":3}},"13":{"start":{"line":90,"column":4},"end":{"line":95,"column":7}},"14":{"start":{"line":99,"column":2},"end":{"line":106,"column":3}},"15":{"start":{"line":100,"column":4},"end":{"line":105,"column":7}},"16":{"start":{"line":108,"column":2},"end":{"line":115,"column":3}},"17":{"start":{"line":109,"column":4},"end":{"line":114,"column":7}},"18":{"start":{"line":117,"column":2},"end":{"line":124,"column":3}},"19":{"start":{"line":118,"column":4},"end":{"line":123,"column":7}},"20":{"start":{"line":126,"column":2},"end":{"line":133,"column":3}},"21":{"start":{"line":127,"column":4},"end":{"line":132,"column":7}},"22":{"start":{"line":136,"column":2},"end":{"line":143,"column":3}},"23":{"start":{"line":137,"column":4},"end":{"line":142,"column":7}},"24":{"start":{"line":145,"column":2},"end":{"line":152,"column":3}},"25":{"start":{"line":146,"column":4},"end":{"line":151,"column":7}},"26":{"start":{"line":154,"column":2},"end":{"line":161,"column":3}},"27":{"start":{"line":155,"column":4},"end":{"line":160,"column":7}},"28":{"start":{"line":164,"column":2},"end":{"line":171,"column":3}},"29":{"start":{"line":165,"column":4},"end":{"line":170,"column":7}},"30":{"start":{"line":174,"column":2},"end":{"line":181,"column":3}},"31":{"start":{"line":175,"column":4},"end":{"line":180,"column":7}},"32":{"start":{"line":183,"column":2},"end":{"line":190,"column":3}},"33":{"start":{"line":184,"column":4},"end":{"line":189,"column":7}},"34":{"start":{"line":193,"column":2},"end":{"line":202,"column":5}},"35":{"start":{"line":206,"column":21},"end":{"line":208,"column":1}},"36":{"start":{"line":206,"column":29},"end":{"line":208,"column":1}},"37":{"start":{"line":207,"column":2},"end":{"line":207,"column":50}},"38":{"start":{"line":211,"column":24},"end":{"line":218,"column":1}},"39":{"start":{"line":212,"column":16},"end":{"line":212,"column":71}},"40":{"start":{"line":213,"column":2},"end":{"line":216,"column":5}},"41":{"start":{"line":217,"column":2},"end":{"line":217,"column":14}},"42":{"start":{"line":221,"column":32},"end":{"line":228,"column":1}},"43":{"start":{"line":222,"column":16},"end":{"line":222,"column":97}},"44":{"start":{"line":223,"column":2},"end":{"line":226,"column":5}},"45":{"start":{"line":227,"column":2},"end":{"line":227,"column":14}},"46":{"start":{"line":230,"column":0},"end":{"line":235,"column":2}}},"fnMap":{"0":{"name":"(anonymous_0)","decl":{"start":{"line":48,"column":21},"end":{"line":48,"column":22}},"loc":{"start":{"line":48,"column":46},"end":{"line":203,"column":1}},"line":48},"1":{"name":"(anonymous_1)","decl":{"start":{"line":206,"column":21},"end":{"line":206,"column":22}},"loc":{"start":{"line":206,"column":29},"end":{"line":208,"column":1}},"line":206},"2":{"name":"(anonymous_2)","decl":{"start":{"line":206,"column":29},"end":{"line":206,"column":30}},"loc":{"start":{"line":206,"column":49},"end":{"line":208,"column":1}},"line":206},"3":{"name":"(anonymous_3)","decl":{"start":{"line":211,"column":24},"end":{"line":211,"column":25}},"loc":{"start":{"line":211,"column":44},"end":{"line":218,"column":1}},"line":211},"4":{"name":"(anonymous_4)","decl":{"start":{"line":221,"column":32},"end":{"line":221,"column":33}},"loc":{"start":{"line":221,"column":52},"end":{"line":228,"column":1}},"line":221}},"branchMap":{"0":{"loc":{"start":{"line":65,"column":2},"end":{"line":67,"column":3}},"type":"if","locations":[{"start":{"line":65,"column":2},"end":{"line":67,"column":3}},{"start":{},"end":{}}],"line":65},"1":{"loc":{"start":{"line":70,"column":2},"end":{"line":77,"column":3}},"type":"if","locations":[{"start":{"line":70,"column":2},"end":{"line":77,"column":3}},{"start":{},"end":{}}],"line":70},"2":{"loc":{"start":{"line":80,"column":2},"end":{"line":87,"column":3}},"type":"if","locations":[{"start":{"line":80,"column":2},"end":{"line":87,"column":3}},{"start":{},"end":{}}],"line":80},"3":{"loc":{"start":{"line":89,"column":2},"end":{"line":96,"column":3}},"type":"if","locations":[{"start":{"line":89,"column":2},"end":{"line":96,"column":3}},{"start":{},"end":{}}],"line":89},"4":{"loc":{"start":{"line":99,"column":2},"end":{"line":106,"column":3}},"type":"if","locations":[{"start":{"line":99,"column":2},"end":{"line":106,"column":3}},{"start":{},"end":{}}],"line":99},"5":{"loc":{"start":{"line":108,"column":2},"end":{"line":115,"column":3}},"type":"if","locations":[{"start":{"line":108,"column":2},"end":{"line":115,"column":3}},{"start":{},"end":{}}],"line":108},"6":{"loc":{"start":{"line":117,"column":2},"end":{"line":124,"column":3}},"type":"if","locations":[{"start":{"line":117,"column":2},"end":{"line":124,"column":3}},{"start":{},"end":{}}],"line":117},"7":{"loc":{"start":{"line":126,"column":2},"end":{"line":133,"column":3}},"type":"if","locations":[{"start":{"line":126,"column":2},"end":{"line":133,"column":3}},{"start":{},"end":{}}],"line":126},"8":{"loc":{"start":{"line":136,"column":2},"end":{"line":143,"column":3}},"type":"if","locations":[{"start":{"line":136,"column":2},"end":{"line":143,"column":3}},{"start":{},"end":{}}],"line":136},"9":{"loc":{"start":{"line":145,"column":2},"end":{"line":152,"column":3}},"type":"if","locations":[{"start":{"line":145,"column":2},"end":{"line":152,"column":3}},{"start":{},"end":{}}],"line":145},"10":{"loc":{"start":{"line":154,"column":2},"end":{"line":161,"column":3}},"type":"if","locations":[{"start":{"line":154,"column":2},"end":{"line":161,"column":3}},{"start":{},"end":{}}],"line":154},"11":{"loc":{"start":{"line":164,"column":2},"end":{"line":171,"column":3}},"type":"if","locations":[{"start":{"line":164,"column":2},"end":{"line":171,"column":3}},{"start":{},"end":{}}],"line":164},"12":{"loc":{"start":{"line":174,"column":2},"end":{"line":181,"column":3}},"type":"if","locations":[{"start":{"line":174,"column":2},"end":{"line":181,"column":3}},{"start":{},"end":{}}],"line":174},"13":{"loc":{"start":{"line":183,"column":2},"end":{"line":190,"column":3}},"type":"if","locations":[{"start":{"line":183,"column":2},"end":{"line":190,"column":3}},{"start":{},"end":{}}],"line":183},"14":{"loc":{"start":{"line":196,"column":13},"end":{"line":196,"column":98}},"type":"cond-expr","locations":[{"start":{"line":196,"column":54},"end":{"line":196,"column":65}},{"start":{"line":196,"column":68},"end":{"line":196,"column":98}}],"line":196},"15":{"loc":{"start":{"line":201,"column":8},"end":{"line":201,"column":70}},"type":"binary-expr","locations":[{"start":{"line":201,"column":8},"end":{"line":201,"column":46}},{"start":{"line":201,"column":50},"end":{"line":201,"column":70}}],"line":201}},"s":{"0":0,"1":0,"2":0,"3":0,"4":0,"5":0,"6":0,"7":0,"8":0,"9":0,"10":0,"11":0,"12":0,"13":0,"14":0,"15":0,"16":0,"17":0,"18":0,"19":0,"20":0,"21":0,"22":0,"23":0,"24":0,"25":0,"26":0,"27":0,"28":0,"29":0,"30":0,"31":0,"32":0,"33":0,"34":0,"35":0,"36":0,"37":0,"38":0,"39":0,"40":0,"41":0,"42":0,"43":0,"44":0,"45":0,"46":0},"f":{"0":0,"1":0,"2":0,"3":0,"4":0},"b":{"0":[0,0],"1":[0,0],"2":[0,0],"3":[0,0],"4":[0,0],"5":[0,0],"6":[0,0],"7":[0,0],"8":[0,0],"9":[0,0],"10":[0,0],"11":[0,0],"12":[0,0],"13":[0,0],"14":[0,0],"15":[0,0]}}
,"/Users/d/projects/personal-finance-tracker/src/middleware/rateLimiter.js": {"path":"/Users/d/projects/personal-finance-tracker/src/middleware/rateLimiter.js","statementMap":{"0":{"start":{"line":1,"column":14},"end":{"line":1,"column":32}},"1":{"start":{"line":2,"column":27},"end":{"line":2,"column":62}},"2":{"start":{"line":3,"column":19},"end":{"line":3,"column":45}},"3":{"start":{"line":7,"column":4},"end":{"line":7,"column":50}},"4":{"start":{"line":8,"column":4},"end":{"line":8,"column":42}},"5":{"start":{"line":9,"column":4},"end":{"line":9,"column":26}},"6":{"start":{"line":25,"column":8},"end":{"line":25,"column":15}},"7":{"start":{"line":17,"column":30},"end":{"line":17,"column":36}},"8":{"start":{"line":19,"column":8},"end":{"line":19,"column":79}},"9":{"start":{"line":21,"column":19},"end":{"line":21,"column":24}},"10":{"start":{"line":27,"column":4},"end":{"line":77,"column":6}},"11":{"start":{"line":28,"column":6},"end":{"line":30,"column":7}},"12":{"start":{"line":29,"column":8},"end":{"line":29,"column":22}},"13":{"start":{"line":32,"column":18},"end":{"line":32,"column":35}},"14":{"start":{"line":33,"column":18},"end":{"line":33,"column":28}},"15":{"start":{"line":34,"column":26},"end":{"line":34,"column":40}},"16":{"start":{"line":36,"column":6},"end":{"line":76,"column":7}},"17":{"start":{"line":38,"column":22},"end":{"line":38,"column":69}},"18":{"start":{"line":40,"column":8},"end":{"line":51,"column":9}},"19":{"start":{"line":42,"column":10},"end":{"line":48,"column":13}},"20":{"start":{"line":50,"column":10},"end":{"line":50,"column":50}},"21":{"start":{"line":54,"column":8},"end":{"line":54,"column":68}},"22":{"start":{"line":57,"column":8},"end":{"line":57,"column":66}},"23":{"start":{"line":60,"column":8},"end":{"line":64,"column":9}},"24":{"start":{"line":61,"column":10},"end":{"line":61,"column":50}},"25":{"start":{"line":62,"column":10},"end":{"line":62,"column":79}},"26":{"start":{"line":63,"column":10},"end":{"line":63,"column":89}},"27":{"start":{"line":66,"column":8},"end":{"line":70,"column":9}},"28":{"start":{"line":67,"column":10},"end":{"line":67,"column":50}},"29":{"start":{"line":68,"column":10},"end":{"line":68,"column":79}},"30":{"start":{"line":69,"column":10},"end":{"line":69,"column":89}},"31":{"start":{"line":72,"column":8},"end":{"line":72,"column":15}},"32":{"start":{"line":74,"column":8},"end":{"line":74,"column":51}},"33":{"start":{"line":75,"column":8},"end":{"line":75,"column":20}},"34":{"start":{"line":82,"column":4},"end":{"line":89,"column":7}},"35":{"start":{"line":85,"column":29},"end":{"line":85,"column":45}},"36":{"start":{"line":87,"column":8},"end":{"line":87,"column":85}},"37":{"start":{"line":93,"column":4},"end":{"line":100,"column":7}},"38":{"start":{"line":96,"column":29},"end":{"line":96,"column":44}},"39":{"start":{"line":98,"column":8},"end":{"line":98,"column":85}},"40":{"start":{"line":104,"column":4},"end":{"line":111,"column":7}},"41":{"start":{"line":107,"column":29},"end":{"line":107,"column":63}},"42":{"start":{"line":109,"column":8},"end":{"line":109,"column":83}},"43":{"start":{"line":116,"column":4},"end":{"line":122,"column":5}},"44":{"start":{"line":117,"column":6},"end":{"line":117,"column":32}},"45":{"start":{"line":118,"column":6},"end":{"line":118,"column":54}},"46":{"start":{"line":120,"column":6},"end":{"line":120,"column":57}},"47":{"start":{"line":121,"column":6},"end":{"line":121,"column":18}},"48":{"start":{"line":127,"column":4},"end":{"line":139,"column":5}},"49":{"start":{"line":128,"column":18},"end":{"line":128,"column":28}},"50":{"start":{"line":129,"column":26},"end":{"line":129,"column":52}},"51":{"start":{"line":130,"column":20},"end":{"line":130,"column":66}},"52":{"start":{"line":131,"column":6},"end":{"line":135,"column":8}},"53":{"start":{"line":137,"column":6},"end":{"line":137,"column":62}},"54":{"start":{"line":138,"column":6},"end":{"line":138,"column":18}},"55":{"start":{"line":144,"column":20},"end":{"line":144,"column":37}},"56":{"start":{"line":146,"column":0},"end":{"line":146,"column":29}}},"fnMap":{"0":{"name":"(anonymous_0)","decl":{"start":{"line":6,"column":2},"end":{"line":6,"column":3}},"loc":{"start":{"line":6,"column":16},"end":{"line":10,"column":3}},"line":6},"1":{"name":"(anonymous_1)","decl":{"start":{"line":13,"column":2},"end":{"line":13,"column":3}},"loc":{"start":{"line":13,"column":30},"end":{"line":78,"column":3}},"line":13},"2":{"name":"(anonymous_2)","decl":{"start":{"line":17,"column":21},"end":{"line":17,"column":22}},"loc":{"start":{"line":17,"column":30},"end":{"line":17,"column":36}},"line":17},"3":{"name":"(anonymous_3)","decl":{"start":{"line":18,"column":16},"end":{"line":18,"column":17}},"loc":{"start":{"line":18,"column":45},"end":{"line":20,"column":7}},"line":18},"4":{"name":"(anonymous_4)","decl":{"start":{"line":21,"column":13},"end":{"line":21,"column":14}},"loc":{"start":{"line":21,"column":19},"end":{"line":21,"column":24}},"line":21},"5":{"name":"(anonymous_5)","decl":{"start":{"line":27,"column":11},"end":{"line":27,"column":12}},"loc":{"start":{"line":27,"column":37},"end":{"line":77,"column":5}},"line":27},"6":{"name":"(anonymous_6)","decl":{"start":{"line":81,"column":2},"end":{"line":81,"column":3}},"loc":{"start":{"line":81,"column":22},"end":{"line":90,"column":3}},"line":81},"7":{"name":"(anonymous_7)","decl":{"start":{"line":85,"column":20},"end":{"line":85,"column":21}},"loc":{"start":{"line":85,"column":29},"end":{"line":85,"column":45}},"line":85},"8":{"name":"(anonymous_8)","decl":{"start":{"line":86,"column":15},"end":{"line":86,"column":16}},"loc":{"start":{"line":86,"column":35},"end":{"line":88,"column":7}},"line":86},"9":{"name":"(anonymous_9)","decl":{"start":{"line":92,"column":2},"end":{"line":92,"column":3}},"loc":{"start":{"line":92,"column":21},"end":{"line":101,"column":3}},"line":92},"10":{"name":"(anonymous_10)","decl":{"start":{"line":96,"column":20},"end":{"line":96,"column":21}},"loc":{"start":{"line":96,"column":29},"end":{"line":96,"column":44}},"line":96},"11":{"name":"(anonymous_11)","decl":{"start":{"line":97,"column":15},"end":{"line":97,"column":16}},"loc":{"start":{"line":97,"column":35},"end":{"line":99,"column":7}},"line":97},"12":{"name":"(anonymous_12)","decl":{"start":{"line":103,"column":2},"end":{"line":103,"column":3}},"loc":{"start":{"line":103,"column":24},"end":{"line":112,"column":3}},"line":103},"13":{"name":"(anonymous_13)","decl":{"start":{"line":107,"column":20},"end":{"line":107,"column":21}},"loc":{"start":{"line":107,"column":29},"end":{"line":107,"column":63}},"line":107},"14":{"name":"(anonymous_14)","decl":{"start":{"line":108,"column":15},"end":{"line":108,"column":16}},"loc":{"start":{"line":108,"column":35},"end":{"line":110,"column":7}},"line":108},"15":{"name":"(anonymous_15)","decl":{"start":{"line":115,"column":2},"end":{"line":115,"column":3}},"loc":{"start":{"line":115,"column":24},"end":{"line":123,"column":3}},"line":115},"16":{"name":"(anonymous_16)","decl":{"start":{"line":126,"column":2},"end":{"line":126,"column":3}},"loc":{"start":{"line":126,"column":28},"end":{"line":140,"column":3}},"line":126}},"branchMap":{"0":{"loc":{"start":{"line":13,"column":16},"end":{"line":13,"column":28}},"type":"default-arg","locations":[{"start":{"line":13,"column":26},"end":{"line":13,"column":28}}],"line":13},"1":{"loc":{"start":{"line":15,"column":6},"end":{"line":15,"column":37}},"type":"default-arg","locations":[{"start":{"line":15,"column":17},"end":{"line":15,"column":37}}],"line":15},"2":{"loc":{"start":{"line":16,"column":6},"end":{"line":16,"column":27}},"type":"default-arg","locations":[{"start":{"line":16,"column":12},"end":{"line":16,"column":27}}],"line":16},"3":{"loc":{"start":{"line":17,"column":6},"end":{"line":17,"column":36}},"type":"default-arg","locations":[{"start":{"line":17,"column":21},"end":{"line":17,"column":36}}],"line":17},"4":{"loc":{"start":{"line":18,"column":6},"end":{"line":20,"column":7}},"type":"default-arg","locations":[{"start":{"line":18,"column":16},"end":{"line":20,"column":7}}],"line":18},"5":{"loc":{"start":{"line":21,"column":6},"end":{"line":21,"column":24}},"type":"default-arg","locations":[{"start":{"line":21,"column":13},"end":{"line":21,"column":24}}],"line":21},"6":{"loc":{"start":{"line":22,"column":6},"end":{"line":22,"column":28}},"type":"default-arg","locations":[{"start":{"line":22,"column":24},"end":{"line":22,"column":28}}],"line":22},"7":{"loc":{"start":{"line":23,"column":6},"end":{"line":23,"column":26}},"type":"default-arg","locations":[{"start":{"line":23,"column":22},"end":{"line":23,"column":26}}],"line":23},"8":{"loc":{"start":{"line":24,"column":6},"end":{"line":24,"column":30}},"type":"default-arg","locations":[{"start":{"line":24,"column":20},"end":{"line":24,"column":30}}],"line":24},"9":{"loc":{"start":{"line":28,"column":6},"end":{"line":30,"column":7}},"type":"if","locations":[{"start":{"line":28,"column":6},"end":{"line":30,"column":7}},{"start":{},"end":{}}],"line":28},"10":{"loc":{"start":{"line":40,"column":8},"end":{"line":51,"column":9}},"type":"if","locations":[{"start":{"line":40,"column":8},"end":{"line":51,"column":9}},{"start":{},"end":{}}],"line":40},"11":{"loc":{"start":{"line":60,"column":8},"end":{"line":64,"column":9}},"type":"if","locations":[{"start":{"line":60,"column":8},"end":{"line":64,"column":9}},{"start":{},"end":{}}],"line":60},"12":{"loc":{"start":{"line":66,"column":8},"end":{"line":70,"column":9}},"type":"if","locations":[{"start":{"line":66,"column":8},"end":{"line":70,"column":9}},{"start":{},"end":{}}],"line":66},"13":{"loc":{"start":{"line":107,"column":39},"end":{"line":107,"column":61}},"type":"binary-expr","locations":[{"start":{"line":107,"column":39},"end":{"line":107,"column":51}},{"start":{"line":107,"column":55},"end":{"line":107,"column":61}}],"line":107}},"s":{"0":0,"1":0,"2":0,"3":0,"4":0,"5":0,"6":0,"7":0,"8":0,"9":0,"10":0,"11":0,"12":0,"13":0,"14":0,"15":0,"16":0,"17":0,"18":0,"19":0,"20":0,"21":0,"22":0,"23":0,"24":0,"25":0,"26":0,"27":0,"28":0,"29":0,"30":0,"31":0,"32":0,"33":0,"34":0,"35":0,"36":0,"37":0,"38":0,"39":0,"40":0,"41":0,"42":0,"43":0,"44":0,"45":0,"46":0,"47":0,"48":0,"49":0,"50":0,"51":0,"52":0,"53":0,"54":0,"55":0,"56":0},"f":{"0":0,"1":0,"2":0,"3":0,"4":0,"5":0,"6":0,"7":0,"8":0,"9":0,"10":0,"11":0,"12":0,"13":0,"14":0,"15":0,"16":0},"b":{"0":[0],"1":[0],"2":[0],"3":[0],"4":[0],"5":[0],"6":[0],"7":[0],"8":[0],"9":[0,0],"10":[0,0],"11":[0,0],"12":[0,0],"13":[0,0]}}
,"/Users/d/projects/personal-finance-tracker/src/middleware/securityHeaders.js": {"path":"/Users/d/projects/personal-finance-tracker/src/middleware/securityHeaders.js","statementMap":{"0":{"start":{"line":1,"column":15},"end":{"line":1,"column":32}},"1":{"start":{"line":2,"column":19},"end":{"line":2,"column":45}},"2":{"start":{"line":5,"column":24},"end":{"line":54,"column":1}},"3":{"start":{"line":57,"column":34},"end":{"line":89,"column":1}},"4":{"start":{"line":58,"column":2},"end":{"line":88,"column":3}},"5":{"start":{"line":60,"column":4},"end":{"line":60,"column":44}},"6":{"start":{"line":63,"column":4},"end":{"line":63,"column":55}},"7":{"start":{"line":64,"column":4},"end":{"line":64,"column":45}},"8":{"start":{"line":65,"column":4},"end":{"line":65,"column":55}},"9":{"start":{"line":66,"column":4},"end":{"line":66,"column":84}},"10":{"start":{"line":69,"column":19},"end":{"line":69,"column":37}},"11":{"start":{"line":70,"column":4},"end":{"line":77,"column":5}},"12":{"start":{"line":71,"column":6},"end":{"line":71,"column":59}},"13":{"start":{"line":72,"column":6},"end":{"line":72,"column":92}},"14":{"start":{"line":73,"column":6},"end":{"line":73,"column":99}},"15":{"start":{"line":74,"column":6},"end":{"line":74,"column":100}},"16":{"start":{"line":75,"column":6},"end":{"line":75,"column":64}},"17":{"start":{"line":76,"column":6},"end":{"line":76,"column":75}},"18":{"start":{"line":80,"column":4},"end":{"line":84,"column":5}},"19":{"start":{"line":81,"column":6},"end":{"line":81,"column":26}},"20":{"start":{"line":83,"column":6},"end":{"line":83,"column":13}},"21":{"start":{"line":86,"column":4},"end":{"line":86,"column":59}},"22":{"start":{"line":87,"column":4},"end":{"line":87,"column":16}},"23":{"start":{"line":92,"column":22},"end":{"line":92,"column":89}},"24":{"start":{"line":95,"column":23},"end":{"line":95,"column":56}},"25":{"start":{"line":98,"column":29},"end":{"line":98,"column":74}},"26":{"start":{"line":100,"column":0},"end":{"line":106,"column":2}}},"fnMap":{"0":{"name":"(anonymous_0)","decl":{"start":{"line":57,"column":34},"end":{"line":57,"column":35}},"loc":{"start":{"line":57,"column":54},"end":{"line":89,"column":1}},"line":57}},"branchMap":{"0":{"loc":{"start":{"line":25,"column":12},"end":{"line":25,"column":80}},"type":"binary-expr","locations":[{"start":{"line":25,"column":12},"end":{"line":25,"column":51}},{"start":{"line":25,"column":55},"end":{"line":25,"column":80}}],"line":25},"1":{"loc":{"start":{"line":70,"column":4},"end":{"line":77,"column":5}},"type":"if","locations":[{"start":{"line":70,"column":4},"end":{"line":77,"column":5}},{"start":{},"end":{}}],"line":70},"2":{"loc":{"start":{"line":80,"column":4},"end":{"line":84,"column":5}},"type":"if","locations":[{"start":{"line":80,"column":4},"end":{"line":84,"column":5}},{"start":{"line":82,"column":11},"end":{"line":84,"column":5}}],"line":80}},"s":{"0":0,"1":0,"2":0,"3":0,"4":0,"5":0,"6":0,"7":0,"8":0,"9":0,"10":0,"11":0,"12":0,"13":0,"14":0,"15":0,"16":0,"17":0,"18":0,"19":0,"20":0,"21":0,"22":0,"23":0,"24":0,"25":0,"26":0},"f":{"0":0},"b":{"0":[0,0],"1":[0,0],"2":[0,0]}}
,"/Users/d/projects/personal-finance-tracker/src/middleware/validation.js": {"path":"/Users/d/projects/personal-finance-tracker/src/middleware/validation.js","statementMap":{"0":{"start":{"line":1,"column":42},"end":{"line":1,"column":70}},"1":{"start":{"line":2,"column":21},"end":{"line":2,"column":47}},"2":{"start":{"line":4,"column":31},"end":{"line":14,"column":1}},"3":{"start":{"line":16,"column":33},"end":{"line":30,"column":1}},"4":{"start":{"line":32,"column":29},"end":{"line":46,"column":1}},"5":{"start":{"line":48,"column":30},"end":{"line":61,"column":1}},"6":{"start":{"line":64,"column":17},"end":{"line":64,"column":38}},"7":{"start":{"line":65,"column":2},"end":{"line":70,"column":3}},"8":{"start":{"line":66,"column":4},"end":{"line":69,"column":7}},"9":{"start":{"line":71,"column":2},"end":{"line":71,"column":9}},"10":{"start":{"line":74,"column":0},"end":{"line":79,"column":2}}},"fnMap":{"0":{"name":"validateRequest","decl":{"start":{"line":63,"column":9},"end":{"line":63,"column":24}},"loc":{"start":{"line":63,"column":41},"end":{"line":72,"column":1}},"line":63}},"branchMap":{"0":{"loc":{"start":{"line":65,"column":2},"end":{"line":70,"column":3}},"type":"if","locations":[{"start":{"line":65,"column":2},"end":{"line":70,"column":3}},{"start":{},"end":{}}],"line":65}},"s":{"0":0,"1":0,"2":0,"3":0,"4":0,"5":0,"6":0,"7":0,"8":0,"9":0,"10":0},"f":{"0":0},"b":{"0":[0,0]}}
,"/Users/d/projects/personal-finance-tracker/src/middleware/validator.js": {"path":"/Users/d/projects/personal-finance-tracker/src/middleware/validator.js","statementMap":{"0":{"start":{"line":1,"column":12},"end":{"line":1,"column":26}},"1":{"start":{"line":2,"column":33},"end":{"line":2,"column":68}},"2":{"start":{"line":3,"column":19},"end":{"line":3,"column":45}},"3":{"start":{"line":6,"column":16},"end":{"line":89,"column":1}},"4":{"start":{"line":92,"column":17},"end":{"line":125,"column":1}},"5":{"start":{"line":93,"column":2},"end":{"line":124,"column":4}},"6":{"start":{"line":94,"column":4},"end":{"line":123,"column":5}},"7":{"start":{"line":96,"column":6},"end":{"line":101,"column":7}},"8":{"start":{"line":97,"column":37},"end":{"line":97,"column":85}},"9":{"start":{"line":98,"column":8},"end":{"line":100,"column":9}},"10":{"start":{"line":99,"column":10},"end":{"line":99,"column":84}},"11":{"start":{"line":104,"column":6},"end":{"line":109,"column":7}},"12":{"start":{"line":105,"column":38},"end":{"line":105,"column":87}},"13":{"start":{"line":106,"column":8},"end":{"line":108,"column":9}},"14":{"start":{"line":107,"column":10},"end":{"line":107,"column":89}},"15":{"start":{"line":112,"column":6},"end":{"line":117,"column":7}},"16":{"start":{"line":113,"column":39},"end":{"line":113,"column":89}},"17":{"start":{"line":114,"column":8},"end":{"line":116,"column":9}},"18":{"start":{"line":115,"column":10},"end":{"line":115,"column":88}},"19":{"start":{"line":119,"column":6},"end":{"line":119,"column":13}},"20":{"start":{"line":121,"column":6},"end":{"line":121,"column":47}},"21":{"start":{"line":122,"column":6},"end":{"line":122,"column":18}},"22":{"start":{"line":128,"column":21},"end":{"line":146,"column":1}},"23":{"start":{"line":129,"column":2},"end":{"line":145,"column":4}},"24":{"start":{"line":130,"column":4},"end":{"line":144,"column":5}},"25":{"start":{"line":131,"column":6},"end":{"line":133,"column":7}},"26":{"start":{"line":132,"column":8},"end":{"line":132,"column":59}},"27":{"start":{"line":135,"column":24},"end":{"line":135,"column":82}},"28":{"start":{"line":136,"column":6},"end":{"line":138,"column":7}},"29":{"start":{"line":137,"column":8},"end":{"line":137,"column":70}},"30":{"start":{"line":140,"column":6},"end":{"line":140,"column":13}},"31":{"start":{"line":142,"column":6},"end":{"line":142,"column":52}},"32":{"start":{"line":143,"column":6},"end":{"line":143,"column":18}},"33":{"start":{"line":148,"column":0},"end":{"line":152,"column":2}}},"fnMap":{"0":{"name":"(anonymous_0)","decl":{"start":{"line":92,"column":17},"end":{"line":92,"column":18}},"loc":{"start":{"line":92,"column":29},"end":{"line":125,"column":1}},"line":92},"1":{"name":"(anonymous_1)","decl":{"start":{"line":93,"column":9},"end":{"line":93,"column":10}},"loc":{"start":{"line":93,"column":29},"end":{"line":124,"column":3}},"line":93},"2":{"name":"(anonymous_2)","decl":{"start":{"line":128,"column":21},"end":{"line":128,"column":22}},"loc":{"start":{"line":128,"column":33},"end":{"line":146,"column":1}},"line":128},"3":{"name":"(anonymous_3)","decl":{"start":{"line":129,"column":9},"end":{"line":129,"column":10}},"loc":{"start":{"line":129,"column":29},"end":{"line":145,"column":3}},"line":129}},"branchMap":{"0":{"loc":{"start":{"line":96,"column":6},"end":{"line":101,"column":7}},"type":"if","locations":[{"start":{"line":96,"column":6},"end":{"line":101,"column":7}},{"start":{},"end":{}}],"line":96},"1":{"loc":{"start":{"line":96,"column":10},"end":{"line":96,"column":54}},"type":"binary-expr","locations":[{"start":{"line":96,"column":10},"end":{"line":96,"column":18}},{"start":{"line":96,"column":22},"end":{"line":96,"column":54}}],"line":96},"2":{"loc":{"start":{"line":98,"column":8},"end":{"line":100,"column":9}},"type":"if","locations":[{"start":{"line":98,"column":8},"end":{"line":100,"column":9}},{"start":{},"end":{}}],"line":98},"3":{"loc":{"start":{"line":104,"column":6},"end":{"line":109,"column":7}},"type":"if","locations":[{"start":{"line":104,"column":6},"end":{"line":109,"column":7}},{"start":{},"end":{}}],"line":104},"4":{"loc":{"start":{"line":104,"column":10},"end":{"line":104,"column":56}},"type":"binary-expr","locations":[{"start":{"line":104,"column":10},"end":{"line":104,"column":19}},{"start":{"line":104,"column":23},"end":{"line":104,"column":56}}],"line":104},"5":{"loc":{"start":{"line":106,"column":8},"end":{"line":108,"column":9}},"type":"if","locations":[{"start":{"line":106,"column":8},"end":{"line":108,"column":9}},{"start":{},"end":{}}],"line":106},"6":{"loc":{"start":{"line":112,"column":6},"end":{"line":117,"column":7}},"type":"if","locations":[{"start":{"line":112,"column":6},"end":{"line":117,"column":7}},{"start":{},"end":{}}],"line":112},"7":{"loc":{"start":{"line":112,"column":10},"end":{"line":112,"column":58}},"type":"binary-expr","locations":[{"start":{"line":112,"column":10},"end":{"line":112,"column":20}},{"start":{"line":112,"column":24},"end":{"line":112,"column":58}}],"line":112},"8":{"loc":{"start":{"line":114,"column":8},"end":{"line":116,"column":9}},"type":"if","locations":[{"start":{"line":114,"column":8},"end":{"line":116,"column":9}},{"start":{},"end":{}}],"line":114},"9":{"loc":{"start":{"line":131,"column":6},"end":{"line":133,"column":7}},"type":"if","locations":[{"start":{"line":131,"column":6},"end":{"line":133,"column":7}},{"start":{},"end":{}}],"line":131},"10":{"loc":{"start":{"line":136,"column":6},"end":{"line":138,"column":7}},"type":"if","locations":[{"start":{"line":136,"column":6},"end":{"line":138,"column":7}},{"start":{},"end":{}}],"line":136}},"s":{"0":0,"1":0,"2":0,"3":0,"4":0,"5":0,"6":0,"7":0,"8":0,"9":0,"10":0,"11":0,"12":0,"13":0,"14":0,"15":0,"16":0,"17":0,"18":0,"19":0,"20":0,"21":0,"22":0,"23":0,"24":0,"25":0,"26":0,"27":0,"28":0,"29":0,"30":0,"31":0,"32":0,"33":0},"f":{"0":0,"1":0,"2":0,"3":0},"b":{"0":[0,0],"1":[0,0],"2":[0,0],"3":[0,0],"4":[0,0],"5":[0,0],"6":[0,0],"7":[0,0],"8":[0,0],"9":[0,0],"10":[0,0]}}
,"/Users/d/projects/personal-finance-tracker/src/routes/health.js": {"path":"/Users/d/projects/personal-finance-tracker/src/routes/health.js","statementMap":{"0":{"start":{"line":1,"column":16},"end":{"line":1,"column":34}},"1":{"start":{"line":2,"column":15},"end":{"line":2,"column":31}},"2":{"start":{"line":3,"column":26},"end":{"line":3,"column":78}},"3":{"start":{"line":4,"column":27},"end":{"line":4,"column":81}},"4":{"start":{"line":5,"column":25},"end":{"line":5,"column":76}},"5":{"start":{"line":8,"column":0},"end":{"line":26,"column":3}},"6":{"start":{"line":9,"column":2},"end":{"line":25,"column":3}},"7":{"start":{"line":10,"column":25},"end":{"line":10,"column":67}},"8":{"start":{"line":11,"column":20},"end":{"line":11,"column":59}},"9":{"start":{"line":13,"column":4},"end":{"line":18,"column":7}},"10":{"start":{"line":20,"column":4},"end":{"line":24,"column":7}},"11":{"start":{"line":29,"column":0},"end":{"line":49,"column":3}},"12":{"start":{"line":30,"column":2},"end":{"line":48,"column":3}},"13":{"start":{"line":31,"column":25},"end":{"line":31,"column":67}},"14":{"start":{"line":32,"column":20},"end":{"line":32,"column":59}},"15":{"start":{"line":33,"column":22},"end":{"line":33,"column":66}},"16":{"start":{"line":35,"column":4},"end":{"line":41,"column":7}},"17":{"start":{"line":43,"column":4},"end":{"line":47,"column":7}},"18":{"start":{"line":52,"column":0},"end":{"line":67,"column":3}},"19":{"start":{"line":53,"column":2},"end":{"line":66,"column":3}},"20":{"start":{"line":54,"column":21},"end":{"line":54,"column":61}},"21":{"start":{"line":55,"column":4},"end":{"line":59,"column":7}},"22":{"start":{"line":61,"column":4},"end":{"line":65,"column":7}},"23":{"start":{"line":70,"column":0},"end":{"line":92,"column":3}},"24":{"start":{"line":71,"column":2},"end":{"line":91,"column":3}},"25":{"start":{"line":72,"column":22},"end":{"line":72,"column":84}},"26":{"start":{"line":73,"column":4},"end":{"line":78,"column":5}},"27":{"start":{"line":74,"column":6},"end":{"line":77,"column":9}},"28":{"start":{"line":79,"column":4},"end":{"line":84,"column":7}},"29":{"start":{"line":86,"column":4},"end":{"line":90,"column":7}},"30":{"start":{"line":95,"column":0},"end":{"line":112,"column":3}},"31":{"start":{"line":96,"column":2},"end":{"line":111,"column":3}},"32":{"start":{"line":97,"column":22},"end":{"line":97,"column":52}},"33":{"start":{"line":98,"column":22},"end":{"line":98,"column":68}},"34":{"start":{"line":99,"column":4},"end":{"line":104,"column":7}},"35":{"start":{"line":106,"column":4},"end":{"line":110,"column":7}},"36":{"start":{"line":114,"column":0},"end":{"line":114,"column":24}}},"fnMap":{"0":{"name":"(anonymous_0)","decl":{"start":{"line":8,"column":16},"end":{"line":8,"column":17}},"loc":{"start":{"line":8,"column":36},"end":{"line":26,"column":1}},"line":8},"1":{"name":"(anonymous_1)","decl":{"start":{"line":29,"column":24},"end":{"line":29,"column":25}},"loc":{"start":{"line":29,"column":44},"end":{"line":49,"column":1}},"line":29},"2":{"name":"(anonymous_2)","decl":{"start":{"line":52,"column":34},"end":{"line":52,"column":35}},"loc":{"start":{"line":52,"column":54},"end":{"line":67,"column":1}},"line":52},"3":{"name":"(anonymous_3)","decl":{"start":{"line":70,"column":43},"end":{"line":70,"column":44}},"loc":{"start":{"line":70,"column":63},"end":{"line":92,"column":1}},"line":70},"4":{"name":"(anonymous_4)","decl":{"start":{"line":95,"column":36},"end":{"line":95,"column":37}},"loc":{"start":{"line":95,"column":56},"end":{"line":112,"column":1}},"line":95}},"branchMap":{"0":{"loc":{"start":{"line":73,"column":4},"end":{"line":78,"column":5}},"type":"if","locations":[{"start":{"line":73,"column":4},"end":{"line":78,"column":5}},{"start":{},"end":{}}],"line":73},"1":{"loc":{"start":{"line":97,"column":22},"end":{"line":97,"column":52}},"type":"binary-expr","locations":[{"start":{"line":97,"column":22},"end":{"line":97,"column":41}},{"start":{"line":97,"column":45},"end":{"line":97,"column":52}}],"line":97}},"s":{"0":0,"1":0,"2":0,"3":0,"4":0,"5":0,"6":0,"7":0,"8":0,"9":0,"10":0,"11":0,"12":0,"13":0,"14":0,"15":0,"16":0,"17":0,"18":0,"19":0,"20":0,"21":0,"22":0,"23":0,"24":0,"25":0,"26":0,"27":0,"28":0,"29":0,"30":0,"31":0,"32":0,"33":0,"34":0,"35":0,"36":0},"f":{"0":0,"1":0,"2":0,"3":0,"4":0},"b":{"0":[0,0],"1":[0,0]}}
,"/Users/d/projects/personal-finance-tracker/src/routes/dashboard/index.js": {"path":"/Users/d/projects/personal-finance-tracker/src/routes/dashboard/index.js","statementMap":{"0":{"start":{"line":1,"column":16},"end":{"line":1,"column":34}},"1":{"start":{"line":2,"column":15},"end":{"line":2,"column":31}},"2":{"start":{"line":3,"column":39},"end":{"line":3,"column":71}},"3":{"start":{"line":4,"column":22},"end":{"line":4,"column":42}},"4":{"start":{"line":5,"column":24},"end":{"line":5,"column":46}},"5":{"start":{"line":6,"column":21},"end":{"line":6,"column":40}},"6":{"start":{"line":7,"column":22},"end":{"line":7,"column":42}},"7":{"start":{"line":10,"column":0},"end":{"line":10,"column":27}},"8":{"start":{"line":11,"column":0},"end":{"line":11,"column":23}},"9":{"start":{"line":14,"column":0},"end":{"line":14,"column":42}},"10":{"start":{"line":15,"column":0},"end":{"line":15,"column":46}},"11":{"start":{"line":16,"column":0},"end":{"line":16,"column":40}},"12":{"start":{"line":17,"column":0},"end":{"line":17,"column":41}},"13":{"start":{"line":20,"column":0},"end":{"line":25,"column":3}},"14":{"start":{"line":21,"column":2},"end":{"line":24,"column":5}},"15":{"start":{"line":27,"column":0},"end":{"line":27,"column":24}}},"fnMap":{"0":{"name":"(anonymous_0)","decl":{"start":{"line":20,"column":16},"end":{"line":20,"column":17}},"loc":{"start":{"line":20,"column":30},"end":{"line":25,"column":1}},"line":20}},"branchMap":{},"s":{"0":0,"1":0,"2":0,"3":0,"4":0,"5":0,"6":0,"7":0,"8":0,"9":0,"10":0,"11":0,"12":0,"13":0,"14":0,"15":0},"f":{"0":0},"b":{}}
,"/Users/d/projects/personal-finance-tracker/src/routes/dashboard/metrics.js": {"path":"/Users/d/projects/personal-finance-tracker/src/routes/dashboard/metrics.js","statementMap":{"0":{"start":{"line":1,"column":16},"end":{"line":1,"column":34}},"1":{"start":{"line":2,"column":15},"end":{"line":2,"column":31}},"2":{"start":{"line":3,"column":35},"end":{"line":3,"column":73}},"3":{"start":{"line":4,"column":26},"end":{"line":4,"column":82}},"4":{"start":{"line":5,"column":25},"end":{"line":5,"column":60}},"5":{"start":{"line":7,"column":0},"end":{"line":7,"column":84}},"6":{"start":{"line":8,"column":0},"end":{"line":8,"column":72}},"7":{"start":{"line":9,"column":0},"end":{"line":9,"column":106}},"8":{"start":{"line":10,"column":0},"end":{"line":10,"column":93}},"9":{"start":{"line":12,"column":0},"end":{"line":12,"column":24}}},"fnMap":{},"branchMap":{},"s":{"0":0,"1":0,"2":0,"3":0,"4":0,"5":0,"6":0,"7":0,"8":0,"9":0},"f":{},"b":{}}
,"/Users/d/projects/personal-finance-tracker/src/services/dashboard/metricsService.js": {"path":"/Users/d/projects/personal-finance-tracker/src/services/dashboard/metricsService.js","statementMap":{"0":{"start":{"line":1,"column":17},"end":{"line":1,"column":49}},"1":{"start":{"line":2,"column":21},"end":{"line":2,"column":50}},"2":{"start":{"line":3,"column":11},"end":{"line":3,"column":24}},"3":{"start":{"line":7,"column":41},"end":{"line":11,"column":6}},"4":{"start":{"line":13,"column":4},"end":{"line":17,"column":6}},"5":{"start":{"line":21,"column":24},"end":{"line":21,"column":37}},"6":{"start":{"line":22,"column":23},"end":{"line":22,"column":35}},"7":{"start":{"line":23,"column":23},"end":{"line":23,"column":47}},"8":{"start":{"line":25,"column":4},"end":{"line":41,"column":6}},"9":{"start":{"line":45,"column":18},"end":{"line":54,"column":5}},"10":{"start":{"line":56,"column":19},"end":{"line":56,"column":42}},"11":{"start":{"line":57,"column":4},"end":{"line":57,"column":55}},"12":{"start":{"line":61,"column":18},"end":{"line":70,"column":5}},"13":{"start":{"line":72,"column":19},"end":{"line":72,"column":42}},"14":{"start":{"line":73,"column":4},"end":{"line":73,"column":48}},"15":{"start":{"line":77,"column":4},"end":{"line":90,"column":6}},"16":{"start":{"line":80,"column":43},"end":{"line":80,"column":74}},"17":{"start":{"line":81,"column":52},"end":{"line":81,"column":75}},"18":{"start":{"line":82,"column":52},"end":{"line":82,"column":75}},"19":{"start":{"line":85,"column":41},"end":{"line":85,"column":65}},"20":{"start":{"line":86,"column":43},"end":{"line":86,"column":87}},"21":{"start":{"line":87,"column":41},"end":{"line":87,"column":62}},"22":{"start":{"line":89,"column":43},"end":{"line":89,"column":87}},"23":{"start":{"line":94,"column":4},"end":{"line":102,"column":6}},"24":{"start":{"line":96,"column":39},"end":{"line":96,"column":63}},"25":{"start":{"line":100,"column":49},"end":{"line":100,"column":63}},"26":{"start":{"line":106,"column":19},"end":{"line":106,"column":47}},"27":{"start":{"line":106,"column":41},"end":{"line":106,"column":46}},"28":{"start":{"line":107,"column":18},"end":{"line":107,"column":67}},"29":{"start":{"line":108,"column":4},"end":{"line":108,"column":25}},"30":{"start":{"line":113,"column":4},"end":{"line":113,"column":13}},"31":{"start":{"line":118,"column":4},"end":{"line":118,"column":13}},"32":{"start":{"line":122,"column":4},"end":{"line":122,"column":43}},"33":{"start":{"line":122,"column":27},"end":{"line":122,"column":43}},"34":{"start":{"line":123,"column":18},"end":{"line":123,"column":27}},"35":{"start":{"line":124,"column":17},"end":{"line":124,"column":42}},"36":{"start":{"line":125,"column":19},"end":{"line":125,"column":49}},"37":{"start":{"line":126,"column":4},"end":{"line":126,"column":63}},"38":{"start":{"line":130,"column":0},"end":{"line":130,"column":38}}},"fnMap":{"0":{"name":"(anonymous_0)","decl":{"start":{"line":6,"column":2},"end":{"line":6,"column":3}},"loc":{"start":{"line":6,"column":36},"end":{"line":18,"column":3}},"line":6},"1":{"name":"(anonymous_1)","decl":{"start":{"line":20,"column":2},"end":{"line":20,"column":3}},"loc":{"start":{"line":20,"column":27},"end":{"line":42,"column":3}},"line":20},"2":{"name":"(anonymous_2)","decl":{"start":{"line":44,"column":2},"end":{"line":44,"column":3}},"loc":{"start":{"line":44,"column":47},"end":{"line":58,"column":3}},"line":44},"3":{"name":"(anonymous_3)","decl":{"start":{"line":60,"column":2},"end":{"line":60,"column":3}},"loc":{"start":{"line":60,"column":40},"end":{"line":74,"column":3}},"line":60},"4":{"name":"(anonymous_4)","decl":{"start":{"line":76,"column":2},"end":{"line":76,"column":3}},"loc":{"start":{"line":76,"column":34},"end":{"line":91,"column":3}},"line":76},"5":{"name":"(anonymous_5)","decl":{"start":{"line":80,"column":29},"end":{"line":80,"column":30}},"loc":{"start":{"line":80,"column":43},"end":{"line":80,"column":74}},"line":80},"6":{"name":"(anonymous_6)","decl":{"start":{"line":81,"column":47},"end":{"line":81,"column":48}},"loc":{"start":{"line":81,"column":52},"end":{"line":81,"column":75}},"line":81},"7":{"name":"(anonymous_7)","decl":{"start":{"line":82,"column":47},"end":{"line":82,"column":48}},"loc":{"start":{"line":82,"column":52},"end":{"line":82,"column":75}},"line":82},"8":{"name":"(anonymous_8)","decl":{"start":{"line":85,"column":27},"end":{"line":85,"column":28}},"loc":{"start":{"line":85,"column":41},"end":{"line":85,"column":65}},"line":85},"9":{"name":"(anonymous_9)","decl":{"start":{"line":86,"column":29},"end":{"line":86,"column":30}},"loc":{"start":{"line":86,"column":43},"end":{"line":86,"column":87}},"line":86},"10":{"name":"(anonymous_10)","decl":{"start":{"line":87,"column":27},"end":{"line":87,"column":28}},"loc":{"start":{"line":87,"column":41},"end":{"line":87,"column":62}},"line":87},"11":{"name":"(anonymous_11)","decl":{"start":{"line":89,"column":29},"end":{"line":89,"column":30}},"loc":{"start":{"line":89,"column":43},"end":{"line":89,"column":87}},"line":89},"12":{"name":"(anonymous_12)","decl":{"start":{"line":93,"column":2},"end":{"line":93,"column":3}},"loc":{"start":{"line":93,"column":27},"end":{"line":103,"column":3}},"line":93},"13":{"name":"(anonymous_13)","decl":{"start":{"line":96,"column":25},"end":{"line":96,"column":26}},"loc":{"start":{"line":96,"column":39},"end":{"line":96,"column":63}},"line":96},"14":{"name":"(anonymous_14)","decl":{"start":{"line":100,"column":44},"end":{"line":100,"column":45}},"loc":{"start":{"line":100,"column":49},"end":{"line":100,"column":63}},"line":100},"15":{"name":"(anonymous_15)","decl":{"start":{"line":105,"column":2},"end":{"line":105,"column":3}},"loc":{"start":{"line":105,"column":42},"end":{"line":109,"column":3}},"line":105},"16":{"name":"(anonymous_16)","decl":{"start":{"line":106,"column":31},"end":{"line":106,"column":32}},"loc":{"start":{"line":106,"column":41},"end":{"line":106,"column":46}},"line":106},"17":{"name":"(anonymous_17)","decl":{"start":{"line":111,"column":2},"end":{"line":111,"column":3}},"loc":{"start":{"line":111,"column":26},"end":{"line":114,"column":3}},"line":111},"18":{"name":"(anonymous_18)","decl":{"start":{"line":116,"column":2},"end":{"line":116,"column":3}},"loc":{"start":{"line":116,"column":33},"end":{"line":119,"column":3}},"line":116},"19":{"name":"(anonymous_19)","decl":{"start":{"line":121,"column":2},"end":{"line":121,"column":3}},"loc":{"start":{"line":121,"column":25},"end":{"line":127,"column":3}},"line":121}},"branchMap":{"0":{"loc":{"start":{"line":79,"column":17},"end":{"line":79,"column":52}},"type":"binary-expr","locations":[{"start":{"line":79,"column":17},"end":{"line":79,"column":47}},{"start":{"line":79,"column":51},"end":{"line":79,"column":52}}],"line":79},"1":{"loc":{"start":{"line":95,"column":14},"end":{"line":95,"column":40}},"type":"binary-expr","locations":[{"start":{"line":95,"column":14},"end":{"line":95,"column":35}},{"start":{"line":95,"column":39},"end":{"line":95,"column":40}}],"line":95},"2":{"loc":{"start":{"line":122,"column":4},"end":{"line":122,"column":43}},"type":"if","locations":[{"start":{"line":122,"column":4},"end":{"line":122,"column":43}},{"start":{},"end":{}}],"line":122},"3":{"loc":{"start":{"line":126,"column":11},"end":{"line":126,"column":62}},"type":"cond-expr","locations":[{"start":{"line":126,"column":24},"end":{"line":126,"column":28}},{"start":{"line":126,"column":31},"end":{"line":126,"column":62}}],"line":126},"4":{"loc":{"start":{"line":126,"column":31},"end":{"line":126,"column":62}},"type":"cond-expr","locations":[{"start":{"line":126,"column":45},"end":{"line":126,"column":51}},{"start":{"line":126,"column":54},"end":{"line":126,"column":62}}],"line":126}},"s":{"0":0,"1":0,"2":0,"3":0,"4":0,"5":0,"6":0,"7":0,"8":0,"9":0,"10":0,"11":0,"12":0,"13":0,"14":0,"15":0,"16":0,"17":0,"18":0,"19":0,"20":0,"21":0,"22":0,"23":0,"24":0,"25":0,"26":0,"27":0,"28":0,"29":0,"30":0,"31":0,"32":0,"33":0,"34":0,"35":0,"36":0,"37":0,"38":0},"f":{"0":0,"1":0,"2":0,"3":0,"4":0,"5":0,"6":0,"7":0,"8":0,"9":0,"10":0,"11":0,"12":0,"13":0,"14":0,"15":0,"16":0,"17":0,"18":0,"19":0},"b":{"0":[0,0],"1":[0,0],"2":[0,0],"3":[0,0],"4":[0,0]}}
,"/Users/d/projects/personal-finance-tracker/src/services/monitoring/analytics-service.js": {"path":"/Users/d/projects/personal-finance-tracker/src/services/monitoring/analytics-service.js","statementMap":{"0":{"start":{"line":1,"column":14},"end":{"line":1,"column":32}},"1":{"start":{"line":2,"column":19},"end":{"line":2,"column":48}},"2":{"start":{"line":3,"column":26},"end":{"line":3,"column":57}},"3":{"start":{"line":7,"column":4},"end":{"line":7,"column":50}},"4":{"start":{"line":8,"column":4},"end":{"line":8,"column":22}},"5":{"start":{"line":12,"column":4},"end":{"line":20,"column":5}},"6":{"start":{"line":14,"column":6},"end":{"line":14,"column":67}},"7":{"start":{"line":14,"column":24},"end":{"line":14,"column":49}},"8":{"start":{"line":16,"column":6},"end":{"line":16,"column":64}},"9":{"start":{"line":18,"column":6},"end":{"line":18,"column":69}},"10":{"start":{"line":19,"column":6},"end":{"line":19,"column":18}},"11":{"start":{"line":25,"column":4},"end":{"line":52,"column":5}},"12":{"start":{"line":26,"column":24},"end":{"line":26,"column":34}},"13":{"start":{"line":27,"column":18},"end":{"line":27,"column":52}},"14":{"start":{"line":29,"column":25},"end":{"line":35,"column":7}},"15":{"start":{"line":37,"column":6},"end":{"line":37,"column":62}},"16":{"start":{"line":38,"column":6},"end":{"line":38,"column":43}},"17":{"start":{"line":41,"column":6},"end":{"line":41,"column":69}},"18":{"start":{"line":44,"column":6},"end":{"line":44,"column":51}},"19":{"start":{"line":47,"column":6},"end":{"line":49,"column":7}},"20":{"start":{"line":48,"column":8},"end":{"line":48,"column":62}},"21":{"start":{"line":51,"column":6},"end":{"line":51,"column":58}},"22":{"start":{"line":56,"column":4},"end":{"line":72,"column":5}},"23":{"start":{"line":57,"column":18},"end":{"line":57,"column":53}},"24":{"start":{"line":58,"column":26},"end":{"line":63,"column":7}},"25":{"start":{"line":65,"column":6},"end":{"line":65,"column":63}},"26":{"start":{"line":66,"column":6},"end":{"line":66,"column":41}},"27":{"start":{"line":69,"column":6},"end":{"line":69,"column":65}},"28":{"start":{"line":71,"column":6},"end":{"line":71,"column":59}},"29":{"start":{"line":76,"column":4},"end":{"line":90,"column":5}},"30":{"start":{"line":77,"column":18},"end":{"line":77,"column":49}},"31":{"start":{"line":80,"column":6},"end":{"line":80,"column":54}},"32":{"start":{"line":83,"column":6},"end":{"line":83,"column":52}},"33":{"start":{"line":86,"column":20},"end":{"line":86,"column":58}},"34":{"start":{"line":87,"column":6},"end":{"line":87,"column":57}},"35":{"start":{"line":89,"column":6},"end":{"line":89,"column":60}},"36":{"start":{"line":95,"column":4},"end":{"line":127,"column":5}},"37":{"start":{"line":96,"column":24},"end":{"line":96,"column":34}},"38":{"start":{"line":97,"column":19},"end":{"line":97,"column":57}},"39":{"start":{"line":100,"column":27},"end":{"line":115,"column":7}},"40":{"start":{"line":118,"column":6},"end":{"line":118,"column":86}},"41":{"start":{"line":119,"column":6},"end":{"line":119,"column":63}},"42":{"start":{"line":122,"column":6},"end":{"line":122,"column":34}},"43":{"start":{"line":124,"column":6},"end":{"line":124,"column":66}},"44":{"start":{"line":126,"column":6},"end":{"line":126,"column":60}},"45":{"start":{"line":131,"column":19},"end":{"line":131,"column":70}},"46":{"start":{"line":132,"column":4},"end":{"line":132,"column":82}},"47":{"start":{"line":132,"column":56},"end":{"line":132,"column":77}},"48":{"start":{"line":136,"column":21},"end":{"line":136,"column":66}},"49":{"start":{"line":137,"column":18},"end":{"line":137,"column":20}},"50":{"start":{"line":139,"column":4},"end":{"line":150,"column":5}},"51":{"start":{"line":140,"column":6},"end":{"line":149,"column":7}},"52":{"start":{"line":141,"column":28},"end":{"line":141,"column":49}},"53":{"start":{"line":142,"column":27},"end":{"line":142,"column":72}},"54":{"start":{"line":143,"column":28},"end":{"line":143,"column":70}},"55":{"start":{"line":145,"column":8},"end":{"line":148,"column":10}},"56":{"start":{"line":152,"column":4},"end":{"line":152,"column":17}},"57":{"start":{"line":156,"column":18},"end":{"line":156,"column":28}},"58":{"start":{"line":157,"column":26},"end":{"line":157,"column":71}},"59":{"start":{"line":159,"column":18},"end":{"line":159,"column":68}},"60":{"start":{"line":160,"column":24},"end":{"line":160,"column":25}},"61":{"start":{"line":161,"column":21},"end":{"line":161,"column":22}},"62":{"start":{"line":163,"column":4},"end":{"line":175,"column":5}},"63":{"start":{"line":164,"column":23},"end":{"line":164,"column":62}},"64":{"start":{"line":165,"column":27},"end":{"line":165,"column":59}},"65":{"start":{"line":165,"column":45},"end":{"line":165,"column":58}},"66":{"start":{"line":167,"column":31},"end":{"line":169,"column":7}},"67":{"start":{"line":168,"column":8},"end":{"line":168,"column":45}},"68":{"start":{"line":171,"column":6},"end":{"line":173,"column":7}},"69":{"start":{"line":172,"column":8},"end":{"line":172,"column":24}},"70":{"start":{"line":174,"column":6},"end":{"line":174,"column":19}},"71":{"start":{"line":177,"column":4},"end":{"line":177,"column":67}},"72":{"start":{"line":181,"column":21},"end":{"line":181,"column":71}},"73":{"start":{"line":182,"column":24},"end":{"line":182,"column":25}},"74":{"start":{"line":183,"column":23},"end":{"line":183,"column":24}},"75":{"start":{"line":185,"column":4},"end":{"line":195,"column":5}},"76":{"start":{"line":186,"column":26},"end":{"line":186,"column":68}},"77":{"start":{"line":187,"column":23},"end":{"line":187,"column":58}},"78":{"start":{"line":187,"column":44},"end":{"line":187,"column":57}},"79":{"start":{"line":189,"column":6},"end":{"line":194,"column":7}},"80":{"start":{"line":190,"column":8},"end":{"line":193,"column":9}},"81":{"start":{"line":191,"column":10},"end":{"line":191,"column":44}},"82":{"start":{"line":192,"column":10},"end":{"line":192,"column":25}},"83":{"start":{"line":197,"column":4},"end":{"line":197,"column":63}},"84":{"start":{"line":202,"column":18},"end":{"line":202,"column":67}},"85":{"start":{"line":203,"column":23},"end":{"line":203,"column":24}},"86":{"start":{"line":204,"column":21},"end":{"line":204,"column":33}},"87":{"start":{"line":206,"column":4},"end":{"line":209,"column":5}},"88":{"start":{"line":207,"column":22},"end":{"line":207,"column":61}},"89":{"start":{"line":208,"column":6},"end":{"line":208,"column":37}},"90":{"start":{"line":211,"column":4},"end":{"line":216,"column":6}},"91":{"start":{"line":220,"column":19},"end":{"line":220,"column":77}},"92":{"start":{"line":221,"column":23},"end":{"line":221,"column":25}},"93":{"start":{"line":222,"column":22},"end":{"line":222,"column":35}},"94":{"start":{"line":224,"column":4},"end":{"line":228,"column":5}},"95":{"start":{"line":225,"column":24},"end":{"line":225,"column":41}},"96":{"start":{"line":226,"column":19},"end":{"line":226,"column":50}},"97":{"start":{"line":227,"column":6},"end":{"line":227,"column":53}},"98":{"start":{"line":230,"column":4},"end":{"line":234,"column":6}},"99":{"start":{"line":238,"column":20},"end":{"line":238,"column":62}},"100":{"start":{"line":239,"column":4},"end":{"line":239,"column":30}},"101":{"start":{"line":239,"column":18},"end":{"line":239,"column":30}},"102":{"start":{"line":241,"column":17},"end":{"line":241,"column":36}},"103":{"start":{"line":242,"column":4},"end":{"line":249,"column":6}},"104":{"start":{"line":244,"column":90},"end":{"line":248,"column":7}},"105":{"start":{"line":253,"column":18},"end":{"line":253,"column":68}},"106":{"start":{"line":254,"column":22},"end":{"line":254,"column":24}},"107":{"start":{"line":256,"column":4},"end":{"line":267,"column":5}},"108":{"start":{"line":257,"column":23},"end":{"line":257,"column":62}},"109":{"start":{"line":258,"column":6},"end":{"line":266,"column":7}},"110":{"start":{"line":259,"column":28},"end":{"line":259,"column":47}},"111":{"start":{"line":260,"column":8},"end":{"line":265,"column":9}},"112":{"start":{"line":263,"column":27},"end":{"line":263,"column":36}},"113":{"start":{"line":264,"column":10},"end":{"line":264,"column":63}},"114":{"start":{"line":269,"column":4},"end":{"line":269,"column":21}},"115":{"start":{"line":273,"column":18},"end":{"line":273,"column":68}},"116":{"start":{"line":274,"column":20},"end":{"line":274,"column":22}},"117":{"start":{"line":276,"column":4},"end":{"line":286,"column":5}},"118":{"start":{"line":277,"column":23},"end":{"line":277,"column":62}},"119":{"start":{"line":278,"column":6},"end":{"line":285,"column":7}},"120":{"start":{"line":279,"column":28},"end":{"line":279,"column":47}},"121":{"start":{"line":280,"column":8},"end":{"line":284,"column":9}},"122":{"start":{"line":282,"column":29},"end":{"line":282,"column":71}},"123":{"start":{"line":283,"column":10},"end":{"line":283,"column":63}},"124":{"start":{"line":288,"column":4},"end":{"line":288,"column":19}},"125":{"start":{"line":294,"column":4},"end":{"line":301,"column":6}},"126":{"start":{"line":306,"column":4},"end":{"line":306,"column":54}},"127":{"start":{"line":306,"column":38},"end":{"line":306,"column":54}},"128":{"start":{"line":307,"column":4},"end":{"line":307,"column":54}},"129":{"start":{"line":307,"column":38},"end":{"line":307,"column":54}},"130":{"start":{"line":308,"column":4},"end":{"line":308,"column":21}},"131":{"start":{"line":313,"column":4},"end":{"line":321,"column":5}},"132":{"start":{"line":314,"column":18},"end":{"line":314,"column":50}},"133":{"start":{"line":315,"column":22},"end":{"line":315,"column":57}},"134":{"start":{"line":317,"column":6},"end":{"line":317,"column":45}},"135":{"start":{"line":317,"column":30},"end":{"line":317,"column":43}},"136":{"start":{"line":319,"column":6},"end":{"line":319,"column":54}},"137":{"start":{"line":320,"column":6},"end":{"line":320,"column":16}},"138":{"start":{"line":325,"column":4},"end":{"line":339,"column":5}},"139":{"start":{"line":326,"column":18},"end":{"line":326,"column":49}},"140":{"start":{"line":327,"column":25},"end":{"line":327,"column":66}},"141":{"start":{"line":328,"column":26},"end":{"line":328,"column":64}},"142":{"start":{"line":329,"column":25},"end":{"line":329,"column":65}},"143":{"start":{"line":331,"column":6},"end":{"line":335,"column":8}},"144":{"start":{"line":337,"column":6},"end":{"line":337,"column":62}},"145":{"start":{"line":338,"column":6},"end":{"line":338,"column":18}},"146":{"start":{"line":344,"column":4},"end":{"line":381,"column":5}},"147":{"start":{"line":346,"column":23},"end":{"line":346,"column":73}},"148":{"start":{"line":347,"column":6},"end":{"line":360,"column":7}},"149":{"start":{"line":348,"column":25},"end":{"line":348,"column":60}},"150":{"start":{"line":349,"column":30},"end":{"line":352,"column":10}},"151":{"start":{"line":350,"column":26},"end":{"line":350,"column":39}},"152":{"start":{"line":351,"column":10},"end":{"line":351,"column":95}},"153":{"start":{"line":354,"column":8},"end":{"line":359,"column":9}},"154":{"start":{"line":355,"column":10},"end":{"line":355,"column":36}},"155":{"start":{"line":356,"column":10},"end":{"line":358,"column":11}},"156":{"start":{"line":357,"column":12},"end":{"line":357,"column":58}},"157":{"start":{"line":363,"column":26},"end":{"line":363,"column":77}},"158":{"start":{"line":364,"column":6},"end":{"line":376,"column":7}},"159":{"start":{"line":365,"column":26},"end":{"line":365,"column":55}},"160":{"start":{"line":366,"column":26},"end":{"line":368,"column":9}},"161":{"start":{"line":367,"column":10},"end":{"line":367,"column":74}},"162":{"start":{"line":370,"column":8},"end":{"line":375,"column":9}},"163":{"start":{"line":371,"column":10},"end":{"line":371,"column":36}},"164":{"start":{"line":372,"column":10},"end":{"line":374,"column":11}},"165":{"start":{"line":373,"column":12},"end":{"line":373,"column":61}},"166":{"start":{"line":378,"column":6},"end":{"line":378,"column":62}},"167":{"start":{"line":380,"column":6},"end":{"line":380,"column":63}},"168":{"start":{"line":386,"column":25},"end":{"line":386,"column":47}},"169":{"start":{"line":388,"column":0},"end":{"line":388,"column":34}}},"fnMap":{"0":{"name":"(anonymous_0)","decl":{"start":{"line":6,"column":2},"end":{"line":6,"column":3}},"loc":{"start":{"line":6,"column":16},"end":{"line":9,"column":3}},"line":6},"1":{"name":"(anonymous_1)","decl":{"start":{"line":11,"column":2},"end":{"line":11,"column":3}},"loc":{"start":{"line":11,"column":21},"end":{"line":21,"column":3}},"line":11},"2":{"name":"(anonymous_2)","decl":{"start":{"line":14,"column":18},"end":{"line":14,"column":19}},"loc":{"start":{"line":14,"column":24},"end":{"line":14,"column":49}},"line":14},"3":{"name":"(anonymous_3)","decl":{"start":{"line":24,"column":2},"end":{"line":24,"column":3}},"loc":{"start":{"line":24,"column":54},"end":{"line":53,"column":3}},"line":24},"4":{"name":"(anonymous_4)","decl":{"start":{"line":55,"column":2},"end":{"line":55,"column":3}},"loc":{"start":{"line":55,"column":42},"end":{"line":73,"column":3}},"line":55},"5":{"name":"(anonymous_5)","decl":{"start":{"line":75,"column":2},"end":{"line":75,"column":3}},"loc":{"start":{"line":75,"column":43},"end":{"line":91,"column":3}},"line":75},"6":{"name":"(anonymous_6)","decl":{"start":{"line":94,"column":2},"end":{"line":94,"column":3}},"loc":{"start":{"line":94,"column":29},"end":{"line":128,"column":3}},"line":94},"7":{"name":"(anonymous_7)","decl":{"start":{"line":130,"column":2},"end":{"line":130,"column":3}},"loc":{"start":{"line":130,"column":26},"end":{"line":133,"column":3}},"line":130},"8":{"name":"(anonymous_8)","decl":{"start":{"line":132,"column":40},"end":{"line":132,"column":41}},"loc":{"start":{"line":132,"column":56},"end":{"line":132,"column":77}},"line":132},"9":{"name":"(anonymous_9)","decl":{"start":{"line":135,"column":2},"end":{"line":135,"column":3}},"loc":{"start":{"line":135,"column":26},"end":{"line":153,"column":3}},"line":135},"10":{"name":"(anonymous_10)","decl":{"start":{"line":155,"column":2},"end":{"line":155,"column":3}},"loc":{"start":{"line":155,"column":33},"end":{"line":178,"column":3}},"line":155},"11":{"name":"(anonymous_11)","decl":{"start":{"line":165,"column":40},"end":{"line":165,"column":41}},"loc":{"start":{"line":165,"column":45},"end":{"line":165,"column":58}},"line":165},"12":{"name":"(anonymous_12)","decl":{"start":{"line":167,"column":49},"end":{"line":167,"column":50}},"loc":{"start":{"line":168,"column":8},"end":{"line":168,"column":45}},"line":168},"13":{"name":"(anonymous_13)","decl":{"start":{"line":180,"column":2},"end":{"line":180,"column":3}},"loc":{"start":{"line":180,"column":42},"end":{"line":198,"column":3}},"line":180},"14":{"name":"(anonymous_14)","decl":{"start":{"line":187,"column":39},"end":{"line":187,"column":40}},"loc":{"start":{"line":187,"column":44},"end":{"line":187,"column":57}},"line":187},"15":{"name":"(anonymous_15)","decl":{"start":{"line":201,"column":2},"end":{"line":201,"column":3}},"loc":{"start":{"line":201,"column":34},"end":{"line":217,"column":3}},"line":201},"16":{"name":"(anonymous_16)","decl":{"start":{"line":219,"column":2},"end":{"line":219,"column":3}},"loc":{"start":{"line":219,"column":24},"end":{"line":235,"column":3}},"line":219},"17":{"name":"(anonymous_17)","decl":{"start":{"line":237,"column":2},"end":{"line":237,"column":3}},"loc":{"start":{"line":237,"column":32},"end":{"line":250,"column":3}},"line":237},"18":{"name":"(anonymous_18)","decl":{"start":{"line":244,"column":66},"end":{"line":244,"column":67}},"loc":{"start":{"line":244,"column":90},"end":{"line":248,"column":7}},"line":244},"19":{"name":"(anonymous_19)","decl":{"start":{"line":252,"column":2},"end":{"line":252,"column":3}},"loc":{"start":{"line":252,"column":36},"end":{"line":270,"column":3}},"line":252},"20":{"name":"(anonymous_20)","decl":{"start":{"line":272,"column":2},"end":{"line":272,"column":3}},"loc":{"start":{"line":272,"column":25},"end":{"line":289,"column":3}},"line":272},"21":{"name":"(anonymous_21)","decl":{"start":{"line":291,"column":2},"end":{"line":291,"column":3}},"loc":{"start":{"line":291,"column":30},"end":{"line":302,"column":3}},"line":291},"22":{"name":"(anonymous_22)","decl":{"start":{"line":304,"column":2},"end":{"line":304,"column":3}},"loc":{"start":{"line":304,"column":28},"end":{"line":309,"column":3}},"line":304},"23":{"name":"(anonymous_23)","decl":{"start":{"line":312,"column":2},"end":{"line":312,"column":3}},"loc":{"start":{"line":312,"column":42},"end":{"line":322,"column":3}},"line":312},"24":{"name":"(anonymous_24)","decl":{"start":{"line":317,"column":25},"end":{"line":317,"column":26}},"loc":{"start":{"line":317,"column":30},"end":{"line":317,"column":43}},"line":317},"25":{"name":"(anonymous_25)","decl":{"start":{"line":324,"column":2},"end":{"line":324,"column":3}},"loc":{"start":{"line":324,"column":37},"end":{"line":340,"column":3}},"line":324},"26":{"name":"(anonymous_26)","decl":{"start":{"line":343,"column":2},"end":{"line":343,"column":3}},"loc":{"start":{"line":343,"column":25},"end":{"line":382,"column":3}},"line":343},"27":{"name":"(anonymous_27)","decl":{"start":{"line":349,"column":46},"end":{"line":349,"column":47}},"loc":{"start":{"line":349,"column":51},"end":{"line":352,"column":9}},"line":349},"28":{"name":"(anonymous_28)","decl":{"start":{"line":366,"column":59},"end":{"line":366,"column":60}},"loc":{"start":{"line":367,"column":10},"end":{"line":367,"column":74}},"line":367}},"branchMap":{"0":{"loc":{"start":{"line":24,"column":40},"end":{"line":24,"column":52}},"type":"default-arg","locations":[{"start":{"line":24,"column":50},"end":{"line":24,"column":52}}],"line":24},"1":{"loc":{"start":{"line":47,"column":6},"end":{"line":49,"column":7}},"type":"if","locations":[{"start":{"line":47,"column":6},"end":{"line":49,"column":7}},{"start":{},"end":{}}],"line":47},"2":{"loc":{"start":{"line":140,"column":6},"end":{"line":149,"column":7}},"type":"if","locations":[{"start":{"line":140,"column":6},"end":{"line":149,"column":7}},{"start":{},"end":{}}],"line":140},"3":{"loc":{"start":{"line":140,"column":10},"end":{"line":140,"column":68}},"type":"binary-expr","locations":[{"start":{"line":140,"column":10},"end":{"line":140,"column":37}},{"start":{"line":140,"column":41},"end":{"line":140,"column":68}}],"line":140},"4":{"loc":{"start":{"line":171,"column":6},"end":{"line":173,"column":7}},"type":"if","locations":[{"start":{"line":171,"column":6},"end":{"line":173,"column":7}},{"start":{},"end":{}}],"line":171},"5":{"loc":{"start":{"line":177,"column":11},"end":{"line":177,"column":66}},"type":"cond-expr","locations":[{"start":{"line":177,"column":28},"end":{"line":177,"column":62}},{"start":{"line":177,"column":65},"end":{"line":177,"column":66}}],"line":177},"6":{"loc":{"start":{"line":190,"column":8},"end":{"line":193,"column":9}},"type":"if","locations":[{"start":{"line":190,"column":8},"end":{"line":193,"column":9}},{"start":{},"end":{}}],"line":190},"7":{"loc":{"start":{"line":197,"column":11},"end":{"line":197,"column":62}},"type":"cond-expr","locations":[{"start":{"line":197,"column":30},"end":{"line":197,"column":58}},{"start":{"line":197,"column":61},"end":{"line":197,"column":62}}],"line":197},"8":{"loc":{"start":{"line":212,"column":29},"end":{"line":212,"column":75}},"type":"cond-expr","locations":[{"start":{"line":212,"column":46},"end":{"line":212,"column":71}},{"start":{"line":212,"column":74},"end":{"line":212,"column":75}}],"line":212},"9":{"loc":{"start":{"line":215,"column":23},"end":{"line":215,"column":77}},"type":"cond-expr","locations":[{"start":{"line":215,"column":40},"end":{"line":215,"column":73}},{"start":{"line":215,"column":76},"end":{"line":215,"column":77}}],"line":215},"10":{"loc":{"start":{"line":227,"column":26},"end":{"line":227,"column":47}},"type":"binary-expr","locations":[{"start":{"line":227,"column":26},"end":{"line":227,"column":42}},{"start":{"line":227,"column":46},"end":{"line":227,"column":47}}],"line":227},"11":{"loc":{"start":{"line":239,"column":4},"end":{"line":239,"column":30}},"type":"if","locations":[{"start":{"line":239,"column":4},"end":{"line":239,"column":30}},{"start":{},"end":{}}],"line":239},"12":{"loc":{"start":{"line":247,"column":29},"end":{"line":247,"column":72}},"type":"binary-expr","locations":[{"start":{"line":247,"column":29},"end":{"line":247,"column":67}},{"start":{"line":247,"column":71},"end":{"line":247,"column":72}}],"line":247},"13":{"loc":{"start":{"line":260,"column":8},"end":{"line":265,"column":9}},"type":"if","locations":[{"start":{"line":260,"column":8},"end":{"line":265,"column":9}},{"start":{},"end":{}}],"line":260},"14":{"loc":{"start":{"line":264,"column":33},"end":{"line":264,"column":57}},"type":"binary-expr","locations":[{"start":{"line":264,"column":33},"end":{"line":264,"column":52}},{"start":{"line":264,"column":56},"end":{"line":264,"column":57}}],"line":264},"15":{"loc":{"start":{"line":280,"column":8},"end":{"line":284,"column":9}},"type":"if","locations":[{"start":{"line":280,"column":8},"end":{"line":284,"column":9}},{"start":{},"end":{}}],"line":280},"16":{"loc":{"start":{"line":283,"column":33},"end":{"line":283,"column":57}},"type":"binary-expr","locations":[{"start":{"line":283,"column":33},"end":{"line":283,"column":52}},{"start":{"line":283,"column":56},"end":{"line":283,"column":57}}],"line":283},"17":{"loc":{"start":{"line":306,"column":4},"end":{"line":306,"column":54}},"type":"if","locations":[{"start":{"line":306,"column":4},"end":{"line":306,"column":54}},{"start":{},"end":{}}],"line":306},"18":{"loc":{"start":{"line":307,"column":4},"end":{"line":307,"column":54}},"type":"if","locations":[{"start":{"line":307,"column":4},"end":{"line":307,"column":54}},{"start":{},"end":{}}],"line":307},"19":{"loc":{"start":{"line":312,"column":21},"end":{"line":312,"column":40}},"type":"default-arg","locations":[{"start":{"line":312,"column":33},"end":{"line":312,"column":40}}],"line":312},"20":{"loc":{"start":{"line":354,"column":8},"end":{"line":359,"column":9}},"type":"if","locations":[{"start":{"line":354,"column":8},"end":{"line":359,"column":9}},{"start":{},"end":{}}],"line":354},"21":{"loc":{"start":{"line":356,"column":10},"end":{"line":358,"column":11}},"type":"if","locations":[{"start":{"line":356,"column":10},"end":{"line":358,"column":11}},{"start":{},"end":{}}],"line":356},"22":{"loc":{"start":{"line":370,"column":8},"end":{"line":375,"column":9}},"type":"if","locations":[{"start":{"line":370,"column":8},"end":{"line":375,"column":9}},{"start":{},"end":{}}],"line":370},"23":{"loc":{"start":{"line":372,"column":10},"end":{"line":374,"column":11}},"type":"if","locations":[{"start":{"line":372,"column":10},"end":{"line":374,"column":11}},{"start":{},"end":{}}],"line":372}},"s":{"0":0,"1":0,"2":0,"3":0,"4":0,"5":0,"6":0,"7":0,"8":0,"9":0,"10":0,"11":0,"12":0,"13":0,"14":0,"15":0,"16":0,"17":0,"18":0,"19":0,"20":0,"21":0,"22":0,"23":0,"24":0,"25":0,"26":0,"27":0,"28":0,"29":0,"30":0,"31":0,"32":0,"33":0,"34":0,"35":0,"36":0,"37":0,"38":0,"39":0,"40":0,"41":0,"42":0,"43":0,"44":0,"45":0,"46":0,"47":0,"48":0,"49":0,"50":0,"51":0,"52":0,"53":0,"54":0,"55":0,"56":0,"57":0,"58":0,"59":0,"60":0,"61":0,"62":0,"63":0,"64":0,"65":0,"66":0,"67":0,"68":0,"69":0,"70":0,"
[...]
92,"column":4},"end":{"line":92,"column":56}},"19":{"start":{"line":98,"column":4},"end":{"line":98,"column":58}},"20":{"start":{"line":104,"column":4},"end":{"line":104,"column":64}},"21":{"start":{"line":110,"column":4},"end":{"line":110,"column":56}},"22":{"start":{"line":116,"column":4},"end":{"line":116,"column":69}},"23":{"start":{"line":122,"column":4},"end":{"line":122,"column":60}},"24":{"start":{"line":129,"column":4},"end":{"line":129,"column":46}},"25":{"start":{"line":135,"column":4},"end":{"line":135,"column":54}},"26":{"start":{"line":141,"column":4},"end":{"line":141,"column":63}},"27":{"start":{"line":148,"column":4},"end":{"line":148,"column":59}},"28":{"start":{"line":154,"column":4},"end":{"line":154,"column":54}},"29":{"start":{"line":160,"column":4},"end":{"line":160,"column":64}},"30":{"start":{"line":166,"column":4},"end":{"line":166,"column":53}},"31":{"start":{"line":172,"column":4},"end":{"line":172,"column":64}},"32":{"start":{"line":179,"column":4},"end":{"line":179,"column":57}},"33":{"start":{"line":185,"column":4},"end":{"line":185,"column":62}},"34":{"start":{"line":191,"column":4},"end":{"line":191,"column":61}},"35":{"start":{"line":198,"column":4},"end":{"line":198,"column":58}},"36":{"start":{"line":204,"column":4},"end":{"line":204,"column":56}},"37":{"start":{"line":210,"column":4},"end":{"line":210,"column":60}},"38":{"start":{"line":216,"column":4},"end":{"line":216,"column":54}},"39":{"start":{"line":222,"column":4},"end":{"line":222,"column":54}},"40":{"start":{"line":226,"column":0},"end":{"line":268,"column":2}}},"fnMap":{"0":{"name":"(anonymous_0)","decl":{"start":{"line":2,"column":2},"end":{"line":2,"column":3}},"loc":{"start":{"line":2,"column":80},"end":{"line":12,"column":3}},"line":2},"1":{"name":"(anonymous_1)","decl":{"start":{"line":14,"column":2},"end":{"line":14,"column":3}},"loc":{"start":{"line":14,"column":11},"end":{"line":24,"column":3}},"line":14},"2":{"name":"(anonymous_2)","decl":{"start":{"line":29,"column":2},"end":{"line":29,"column":3}},"loc":{"start":{"line":29,"column":37},"end":{"line":31,"column":3}},"line":29},"3":{"name":"(anonymous_3)","decl":{"start":{"line":35,"column":2},"end":{"line":35,"column":3}},"loc":{"start":{"line":35,"column":68},"end":{"line":37,"column":3}},"line":35},"4":{"name":"(anonymous_4)","decl":{"start":{"line":41,"column":2},"end":{"line":41,"column":3}},"loc":{"start":{"line":41,"column":63},"end":{"line":43,"column":3}},"line":41},"5":{"name":"(anonymous_5)","decl":{"start":{"line":47,"column":2},"end":{"line":47,"column":3}},"loc":{"start":{"line":47,"column":69},"end":{"line":49,"column":3}},"line":47},"6":{"name":"(anonymous_6)","decl":{"start":{"line":54,"column":2},"end":{"line":54,"column":3}},"loc":{"start":{"line":54,"column":37},"end":{"line":56,"column":3}},"line":54},"7":{"name":"(anonymous_7)","decl":{"start":{"line":60,"column":2},"end":{"line":60,"column":3}},"loc":{"start":{"line":60,"column":60},"end":{"line":62,"column":3}},"line":60},"8":{"name":"(anonymous_8)","decl":{"start":{"line":66,"column":2},"end":{"line":66,"column":3}},"loc":{"start":{"line":66,"column":66},"end":{"line":68,"column":3}},"line":66},"9":{"name":"(anonymous_9)","decl":{"start":{"line":72,"column":2},"end":{"line":72,"column":3}},"loc":{"start":{"line":72,"column":58},"end":{"line":74,"column":3}},"line":72},"10":{"name":"(anonymous_10)","decl":{"start":{"line":78,"column":2},"end":{"line":78,"column":3}},"loc":{"start":{"line":78,"column":70},"end":{"line":80,"column":3}},"line":78},"11":{"name":"(anonymous_11)","decl":{"start":{"line":85,"column":2},"end":{"line":85,"column":3}},"loc":{"start":{"line":85,"column":37},"end":{"line":87,"column":3}},"line":85},"12":{"name":"(anonymous_12)","decl":{"start":{"line":91,"column":2},"end":{"line":91,"column":3}},"loc":{"start":{"line":91,"column":65},"end":{"line":93,"column":3}},"line":91},"13":{"name":"(anonymous_13)","decl":{"start":{"line":97,"column":2},"end":{"line":97,"column":3}},"loc":{"start":{"line":97,"column":59},"end":{"line":99,"column":3}},"line":97},"14":{"name":"(anonymous_14)","decl":{"start":{"line":103,"column":2},"end":{"line":103,"column":3}},"loc":{"start":{"line":103,"column":61},"end":{"line":105,"column":3}},"line":103},"15":{"name":"(anonymous_15)","decl":{"start":{"line":109,"column":2},"end":{"line":109,"column":3}},"loc":{"start":{"line":109,"column":37},"end":{"line":111,"column":3}},"line":109},"16":{"name":"(anonymous_16)","decl":{"start":{"line":115,"column":2},"end":{"line":115,"column":3}},"loc":{"start":{"line":115,"column":66},"end":{"line":117,"column":3}},"line":115},"17":{"name":"(anonymous_17)","decl":{"start":{"line":121,"column":2},"end":{"line":121,"column":3}},"loc":{"start":{"line":121,"column":67},"end":{"line":123,"column":3}},"line":121},"18":{"name":"(anonymous_18)","decl":{"start":{"line":128,"column":2},"end":{"line":128,"column":3}},"loc":{"start":{"line":128,"column":37},"end":{"line":130,"column":3}},"line":128},"19":{"name":"(anonymous_19)","decl":{"start":{"line":134,"column":2},"end":{"line":134,"column":3}},"loc":{"start":{"line":134,"column":59},"end":{"line":136,"column":3}},"line":134},"20":{"name":"(anonymous_20)","decl":{"start":{"line":140,"column":2},"end":{"line":140,"column":3}},"loc":{"start":{"line":140,"column":65},"end":{"line":142,"column":3}},"line":140},"21":{"name":"(anonymous_21)","decl":{"start":{"line":147,"column":2},"end":{"line":147,"column":3}},"loc":{"start":{"line":147,"column":37},"end":{"line":149,"column":3}},"line":147},"22":{"name":"(anonymous_22)","decl":{"start":{"line":153,"column":2},"end":{"line":153,"column":3}},"loc":{"start":{"line":153,"column":60},"end":{"line":155,"column":3}},"line":153},"23":{"name":"(anonymous_23)","decl":{"start":{"line":159,"column":2},"end":{"line":159,"column":3}},"loc":{"start":{"line":159,"column":73},"end":{"line":161,"column":3}},"line":159},"24":{"name":"(anonymous_24)","decl":{"start":{"line":165,"column":2},"end":{"line":165,"column":3}},"loc":{"start":{"line":165,"column":37},"end":{"line":167,"column":3}},"line":165},"25":{"name":"(anonymous_25)","decl":{"start":{"line":171,"column":2},"end":{"line":171,"column":3}},"loc":{"start":{"line":171,"column":61},"end":{"line":173,"column":3}},"line":171},"26":{"name":"(anonymous_26)","decl":{"start":{"line":178,"column":2},"end":{"line":178,"column":3}},"loc":{"start":{"line":178,"column":37},"end":{"line":180,"column":3}},"line":178},"27":{"name":"(anonymous_27)","decl":{"start":{"line":184,"column":2},"end":{"line":184,"column":3}},"loc":{"start":{"line":184,"column":59},"end":{"line":186,"column":3}},"line":184},"28":{"name":"(anonymous_28)","decl":{"start":{"line":190,"column":2},"end":{"line":190,"column":3}},"loc":{"start":{"line":190,"column":66},"end":{"line":192,"column":3}},"line":190},"29":{"name":"(anonymous_29)","decl":{"start":{"line":197,"column":2},"end":{"line":197,"column":3}},"loc":{"start":{"line":197,"column":37},"end":{"line":199,"column":3}},"line":197},"30":{"name":"(anonymous_30)","decl":{"start":{"line":203,"column":2},"end":{"line":203,"column":3}},"loc":{"start":{"line":203,"column":60},"end":{"line":205,"column":3}},"line":203},"31":{"name":"(anonymous_31)","decl":{"start":{"line":209,"column":2},"end":{"line":209,"column":3}},"loc":{"start":{"line":209,"column":64},"end":{"line":211,"column":3}},"line":209},"32":{"name":"(anonymous_32)","decl":{"start":{"line":215,"column":2},"end":{"line":215,"column":3}},"loc":{"start":{"line":215,"column":65},"end":{"line":217,"column":3}},"line":215},"33":{"name":"(anonymous_33)","decl":{"start":{"line":221,"column":2},"end":{"line":221,"column":3}},"loc":{"start":{"line":221,"column":59},"end":{"line":223,"column":3}},"line":221}},"branchMap":{"0":{"loc":{"start":{"line":2,"column":23},"end":{"line":2,"column":39}},"type":"default-arg","locations":[{"start":{"line":2,"column":36},"end":{"line":2,"column":39}}],"line":2},"1":{"loc":{"start":{"line":2,"column":41},"end":{"line":2,"column":64}},"type":"default-arg","locations":[{"start":{"line":2,"column":48},"end":{"line":2,"column":64}}],"line":2},"2":{"loc":{"start":{"line":2,"column":66},"end":{"line":2,"column":78}},"type":"default-arg","locations":[{"start":{"line":2,"column":76},"end":{"line":2,"column":78}}],"line":2},"3":{"loc":{"start":{"line":22,"column":13},"end":{"line":22,"column":76}},"type":"cond-expr","locations":[{"start":{"line":22,"column":54},"end":{"line":22,"column":64}},{"start":{"line":22,"column":67},"end":{"line":22,"column":76}}],"line":22},"4":{"loc":{"start":{"line":29,"column":23},"end":{"line":29,"column":35}},"type":"default-arg","locations":[{"start":{"line":29,"column":33},"end":{"line":29,"column":35}}],"line":29},"5":{"loc":{"start":{"line":35,"column":14},"end":{"line":35,"column":52}},"type":"default-arg","locations":[{"start":{"line":35,"column":24},"end":{"line":35,"column":52}}],"line":35},"6":{"loc":{"start":{"line":35,"column":54},"end":{"line":35,"column":66}},"type":"default-arg","locations":[{"start":{"line":35,"column":64},"end":{"line":35,"column":66}}],"line":35},"7":{"loc":{"start":{"line":41,"column":14},"end":{"line":41,"column":47}},"type":"default-arg","locations":[{"start":{"line":41,"column":24},"end":{"line":41,"column":47}}],"line":41},"8":{"loc":{"start":{"line":41,"column":49},"end":{"line":41,"column":61}},"type":"default-arg","locations":[{"start":{"line":41,"column":59},"end":{"line":41,"column":61}}],"line":41},"9":{"loc":{"start":{"line":47,"column":14},"end":{"line":47,"column":53}},"type":"default-arg","locations":[{"start":{"line":47,"column":24},"end":{"line":47,"column":53}}],"line":47},"10":{"loc":{"start":{"line":47,"column":55},"end":{"line":47,"column":67}},"type":"default-arg","locations":[{"start":{"line":47,"column":65},"end":{"line":47,"column":67}}],"line":47},"11":{"loc":{"start":{"line":54,"column":23},"end":{"line":54,"column":35}},"type":"default-arg","locations":[{"start":{"line":54,"column":33},"end":{"line":54,"column":35}}],"line":54},"12":{"loc":{"start":{"line":60,"column":14},"end":{"line":60,"column":44}},"type":"default-arg","locations":[{"start":{"line":60,"column":24},"end":{"line":60,"column":44}}],"line":60},"13":{"loc":{"start":{"line":60,"column":46},"end":{"line":60,"column":58}},"type":"default-arg","locations":[{"start":{"line":60,"column":56},"end":{"line":60,"column":58}}],"line":60},"14":{"loc":{"start":{"line":66,"column":14},"end":{"line":66,"column":50}},"type":"default-arg","locations":[{"start":{"line":66,"column":24},"end":{"line":66,"column":50}}],"line":66},"15":{"loc":{"start":{"line":66,"column":52},"end":{"line":66,"column":64}},"type":"default-arg","locations":[{"start":{"line":66,"column":62},"end":{"line":66,"column":64}}],"line":66},"16":{"loc":{"start":{"line":72,"column":14},"end":{"line":72,"column":42}},"type":"default-arg","locations":[{"start":{"line":72,"column":24},"end":{"line":72,"column":42}}],"line":72},"17":{"loc":{"start":{"line":72,"column":44},"end":{"line":72,"column":56}},"type":"default-arg","locations":[{"start":{"line":72,"column":54},"end":{"line":72,"column":56}}],"line":72},"18":{"loc":{"start":{"line":78,"column":14},"end":{"line":78,"column":54}},"type":"default-arg","locations":[{"start":{"line":78,"column":24},"end":{"line":78,"column":54}}],"line":78},"19":{"loc":{"start":{"line":78,"column":56},"end":{"line":78,"column":68}},"type":"default-arg","locations":[{"start":{"line":78,"column":66},"end":{"line":78,"column":68}}],"line":78},"20":{"loc":{"start":{"line":85,"column":23},"end":{"line":85,"column":35}},"type":"default-arg","locations":[{"start":{"line":85,"column":33},"end":{"line":85,"column":35}}],"line":85},"21":{"loc":{"start":{"line":91,"column":14},"end":{"line":91,"column":49}},"type":"default-arg","locations":[{"start":{"line":91,"column":24},"end":{"line":91,"column":49}}],"line":91},"22":{"loc":{"start":{"line":91,"column":51},"end":{"line":91,"column":63}},"type":"default-arg","locations":[{"start":{"line":91,"column":61},"end":{"line":91,"column":63}}],"line":91},"23":{"loc":{"start":{"line":97,"column":14},"end":{"line":97,"column":43}},"type":"default-arg","locations":[{"start":{"line":97,"column":24},"end":{"line":97,"column":43}}],"line":97},"24":{"loc":{"start":{"line":97,"column":45},"end":{"line":97,"column":57}},"type":"default-arg","locations":[{"start":{"line":97,"column":55},"end":{"line":97,"column":57}}],"line":97},"25":{"loc":{"start":{"line":103,"column":14},"end":{"line":103,"column":45}},"type":"default-arg","locations":[{"start":{"line":103,"column":24},"end":{"line":103,"column":45}}],"line":103},"26":{"loc":{"start":{"line":103,"column":47},"end":{"line":103,"column":59}},"type":"default-arg","locations":[{"start":{"line":103,"column":57},"end":{"line":103,"column":59}}],"line":103},"27":{"loc":{"start":{"line":109,"column":23},"end":{"line":109,"column":35}},"type":"default-arg","locations":[{"start":{"line":109,"column":33},"end":{"line":109,"column":35}}],"line":109},"28":{"loc":{"start":{"line":115,"column":14},"end":{"line":115,"column":50}},"type":"default-arg","locations":[{"start":{"line":115,"column":24},"end":{"line":115,"column":50}}],"line":115},"29":{"loc":{"start":{"line":115,"column":52},"end":{"line":115,"column":64}},"type":"default-arg","locations":[{"start":{"line":115,"column":62},"end":{"line":115,"column":64}}],"line":115},"30":{"loc":{"start":{"line":121,"column":14},"end":{"line":121,"column":51}},"type":"default-arg","locations":[{"start":{"line":121,"column":24},"end":{"line":121,"column":51}}],"line":121},"31":{"loc":{"start":{"line":121,"column":53},"end":{"line":121,"column":65}},"type":"default-arg","locations":[{"start":{"line":121,"column":63},"end":{"line":121,"column":65}}],"line":121},"32":{"loc":{"start":{"line":128,"column":23},"end":{"line":128,"column":35}},"type":"default-arg","locations":[{"start":{"line":128,"column":33},"end":{"line":128,"column":35}}],"line":128},"33":{"loc":{"start":{"line":134,"column":14},"end":{"line":134,"column":43}},"type":"default-arg","locations":[{"start":{"line":134,"column":24},"end":{"line":134,"column":43}}],"line":134},"34":{"loc":{"start":{"line":134,"column":45},"end":{"line":134,"column":57}},"type":"default-arg","locations":[{"start":{"line":134,"column":55},"end":{"line":134,"column":57}}],"line":134},"35":{"loc":{"start":{"line":140,"column":14},"end":{"line":140,"column":49}},"type":"default-arg","locations":[{"start":{"line":140,"column":24},"end":{"line":140,"column":49}}],"line":140},"36":{"loc":{"start":{"line":140,"column":51},"end":{"line":140,"column":63}},"type":"default-arg","locations":[{"start":{"line":140,"column":61},"end":{"line":140,"column":63}}],"line":140},"37":{"loc":{"start":{"line":147,"column":23},"end":{"line":147,"column":35}},"type":"default-arg","locations":[{"start":{"line":147,"column":33},"end":{"line":147,"column":35}}],"line":147},"38":{"loc":{"start":{"line":153,"column":14},"end":{"line":153,"column":44}},"type":"default-arg","locations":[{"start":{"line":153,"column":24},"end":{"line":153,"column":44}}],"line":153},"39":{"loc":{"start":{"line":153,"column":46},"end":{"line":153,"column":58}},"type":"default-arg","locations":[{"start":{"line":153,"column":56},"end":{"line":153,"column":58}}],"line":153},"40":{"loc":{"start":{"line":159,"column":14},"end":{"line":159,"column":57}},"type":"default-arg","locations":[{"start":{"line":159,"column":24},"end":{"line":159,"column":57}}],"line":159},"41":{"loc":{"start":{"line":159,"column":59},"end":{"line":159,"column":71}},"type":"default-arg","locations":[{"start":{"line":159,"column":69},"end":{"line":159,"column":71}}],"line":159},"42":{"loc":{"start":{"line":165,"column":23},"end":{"line":165,"column":35}},"type":"default-arg","locations":[{"start":{"line":165,"column":33},"end":{"line":165,"column":35}}],"line":165},"43":{"loc":{"start":{"line":171,"column":14},"end":{"line":171,"column":45}},"type":"default-arg","locations":[{"start":{"line":171,"column":24},"end":{"line":171,"column":45}}],"line":171},"44":{"loc":{"start":{"line":171,"column":47},"end":{"line":171,"column":59}},"type":"default-arg","locations":[{"start":{"line":171,"column":57},"end":{"line":171,"column":59}}],"line":171},"45":{"loc":{"start":{"line":178,"column":23},"end":{"line":178,"column":35}},"type":"default-arg","locations":[{"start":{"line":178,"column":33},"end":{"line":178,"column":35}}],"line":178},"46":{"loc":{"start":{"line":184,"column":14},"end":{"line":184,"column":43}},"type":"default-arg","locations":[{"start":{"line":184,"column":24},"end":{"line":184,"column":43}}],"line":184},"47":{"loc":{"start":{"line":184,"column":45},"end":{"line":184,"column":57}},"type":"default-arg","locations":[{"start":{"line":184,"column":55},"end":{"line":184,"column":57}}],"line":184},"48":{"loc":{"start":{"line":190,"column":14},"end":{"line":190,"column":50}},"type":"default-arg","locations":[{"start":{"line":190,"column":24},"end":{"line":190,"column":50}}],"line":190},"49":{"loc":{"start":{"line":190,"column":52},"end":{"line":190,"column":64}},"type":"default-arg","locations":[{"start":{"line":190,"column":62},"end":{"line":190,"column":64}}],"line":190},"50":{"loc":{"start":{"line":197,"column":23},"end":{"line":197,"column":35}},"type":"default-arg","locations":[{"start":{"line":197,"column":33},"end":{"line":197,"column":35}}],"line":197},"51":{"loc":{"start":{"line":203,"column":14},"end":{"line":203,"column":44}},"type":"default-arg","locations":[{"start":{"line":203,"column":24},"end":{"line":203,"column":44}}],"line":203},"52":{"loc":{"start":{"line":203,"column":46},"end":{"line":203,"column":58}},"type":"default-arg","locations":[{"start":{"line":203,"column":56},"end":{"line":203,"column":58}}],"line":203},"53":{"loc":{"start":{"line":209,"column":14},"end":{"line":209,"column":48}},"type":"default-arg","locations":[{"start":{"line":209,"column":24},"end":{"line":209,"column":48}}],"line":209},"54":{"loc":{"start":{"line":209,"column":50},"end":{"line":209,"column":62}},"type":"default-arg","locations":[{"start":{"line":209,"column":60},"end":{"line":209,"column":62}}],"line":209},"55":{"loc":{"start":{"line":215,"column":14},"end":{"line":215,"column":49}},"type":"default-arg","locations":[{"start":{"line":215,"column":24},"end":{"line":215,"column":49}}],"line":215},"56":{"loc":{"start":{"line":215,"column":51},"end":{"line":215,"column":63}},"type":"default-arg","locations":[{"start":{"line":215,"column":61},"end":{"line":215,"column":63}}],"line":215},"57":{"loc":{"start":{"line":221,"column":14},"end":{"line":221,"column":43}},"type":"default-arg","locations":[{"start":{"line":221,"column":24},"end":{"line":221,"column":43}}],"line":221},"58":{"loc":{"start":{"line":221,"column":45},"end":{"line":221,"column":57}},"type":"default-arg","locations":[{"start":{"line":221,"column":55},"end":{"line":221,"column":57}}],"line":221}},"s":{"0":0,"1":0,"2":0,"3":0,"4":0,"5":0,"6":0,"7":0,"8":0,"9":0,"10":0,"11":0,"12":0,"13":0,"14":0,"15":0,"16":0,"17":0,"18":0,"19":0,"20":0,"21":0,"22":0,"23":0,"24":0,"25":0,"26":0,"27":0,"28":0,"29":0,"30":0,"31":0,"32":0,"33":0,"34":0,"35":0,"36":0,"37":0,"38":0,"39":0,"40":0},"f":{"0":0,"1":0,"2":0,"3":0,"4":0,"5":0,"6":0,"7":0,"8":0,"9":0,"10":0,"11":0,"12":0,"13":0,"14":0,"15":0,"16":0,"17":0,"18":0,"19":0,"20":0,"21":0,"22":0,"23":0,"24":0,"25":0,"26":0,"27":0,"28":0,"29":0,"30":0,"31":0,"32":0,"33":0},"b":{"0":[0],"1":[0],"2":[0],"3":[0,0],"4":[0],"5":[0],"6":[0],"7":[0],"8":[0],"9":[0],"10":[0],"11":[0],"12":[0],"13":[0],"14":[0],"15":[0],"16":[0],"17":[0],"18":[0],"19":[0],"20":[0],"21":[0],"22":[0],"23":[0],"24":[0],"25":[0],"26":[0],"27":[0],"28":[0],"29":[0],"30":[0],"31":[0],"32":[0],"33":[0],"34":[0],"35":[0],"36":[0],"37":[0],"38":[0],"39":[0],"40":[0],"41":[0],"42":[0],"43":[0],"44":[0],"45":[0],"46":[0],"47":[0],"48":[0],"49":[0],"50":[0],"51":[0],"52":[0],"53":[0],"54":[0],"55":[0],"56":[0],"57":[0],"58":[0]}}
}
