TN:
SF:src/app.js
FN:86,(anonymous_0)
FN:99,(anonymous_1)
FN:115,(anonymous_2)
FN:129,(anonymous_3)
FN:148,(anonymous_4)
FN:173,(anonymous_5)
FN:184,(anonymous_6)
FN:187,(anonymous_7)
FNF:8
FNH:0
FNDA:0,(anonymous_0)
FNDA:0,(anonymous_1)
FNDA:0,(anonymous_2)
FNDA:0,(anonymous_3)
FNDA:0,(anonymous_4)
FNDA:0,(anonymous_5)
FNDA:0,(anonymous_6)
FNDA:0,(anonymous_7)
DA:1,0
DA:2,0
DA:3,0
DA:4,0
DA:5,0
DA:6,0
DA:7,0
DA:8,0
DA:9,0
DA:10,0
DA:11,0
DA:12,0
DA:13,0
DA:14,0
DA:15,0
DA:16,0
DA:17,0
DA:18,0
DA:19,0
DA:20,0
DA:21,0
DA:23,0
DA:26,0
DA:29,0
DA:49,0
DA:58,0
DA:65,0
DA:68,0
DA:81,0
DA:82,0
DA:83,0
DA:84,0
DA:86,0
DA:91,0
DA:92,0
DA:95,0
DA:96,0
DA:99,0
DA:100,0
DA:101,0
DA:108,0
DA:112,0
DA:115,0
DA:116,0
DA:117,0
DA:118,0
DA:119,0
DA:121,0
DA:123,0
DA:124,0
DA:129,0
DA:130,0
DA:131,0
DA:132,0
DA:139,0
DA:140,0
DA:148,0
DA:149,0
DA:151,0
DA:153,0
DA:156,0
DA:159,0
DA:161,0
DA:163,0
DA:164,0
DA:166,0
DA:167,0
DA:172,0
DA:173,0
DA:174,0
DA:175,0
DA:176,0
DA:177,0
DA:179,0
DA:180,0
DA:184,0
DA:185,0
DA:186,0
DA:187,0
DA:188,0
DA:189,0
DA:193,0
LF:82
LH:0
BRDA:50,0,0,0
BRDA:50,0,1,0
BRDA:69,1,0,0
BRDA:69,1,1,0
BRDA:100,2,0,0
BRDA:100,2,1,0
BRDA:118,3,0,0
BRDA:118,3,1,0
BRDA:135,4,0,0
BRDA:135,4,1,0
BRDA:172,5,0,0
BRDA:172,5,1,0
BRDA:177,6,0,0
BRDA:177,6,1,0
BRF:14
BRH:0
end_of_record
TN:
SF:src/controllers/dashboard/metricsController.js
FN:4,(anonymous_0)
FN:18,(anonymous_1)
FN:31,(anonymous_2)
FN:45,(anonymous_3)
FNF:4
FNH:0
FNDA:0,(anonymous_0)
FNDA:0,(anonymous_1)
FNDA:0,(anonymous_2)
FNDA:0,(anonymous_3)
DA:1,0
DA:2,0
DA:4,0
DA:5,0
DA:6,0
DA:7,0
DA:8,0
DA:14,0
DA:18,0
DA:19,0
DA:20,0
DA:21,0
DA:27,0
DA:31,0
DA:32,0
DA:33,0
DA:34,0
DA:35,0
DA:41,0
DA:45,0
DA:46,0
DA:47,0
DA:48,0
DA:49,0
DA:55,0
DA:59,0
LF:26
LH:0
BRF:0
BRH:0
end_of_record
TN:
SF:src/middleware/errorHandler.js
FN:48,(anonymous_0)
FN:206,(anonymous_1)
FN:206,(anonymous_2)
FN:211,(anonymous_3)
FN:221,(anonymous_4)
FNF:5
FNH:0
FNDA:0,(anonymous_0)
FNDA:0,(anonymous_1)
FNDA:0,(anonymous_2)
FNDA:0,(anonymous_3)
FNDA:0,(anonymous_4)
DA:1,0
DA:2,0
DA:45,0
DA:48,0
DA:50,0
DA:62,0
DA:65,0
DA:66,0
DA:70,0
DA:71,0
DA:80,0
DA:81,0
DA:89,0
DA:90,0
DA:99,0
DA:100,0
DA:108,0
DA:109,0
DA:117,0
DA:118,0
DA:126,0
DA:127,0
DA:136,0
DA:137,0
DA:145,0
DA:146,0
DA:154,0
DA:155,0
DA:164,0
DA:165,0
DA:174,0
DA:175,0
DA:183,0
DA:184,0
DA:193,0
DA:206,0
DA:207,0
DA:211,0
DA:212,0
DA:213,0
DA:217,0
DA:221,0
DA:222,0
DA:223,0
DA:227,0
DA:230,0
LF:46
LH:0
BRDA:65,0,0,0
BRDA:65,0,1,0
BRDA:70,1,0,0
BRDA:70,1,1,0
BRDA:80,2,0,0
BRDA:80,2,1,0
BRDA:89,3,0,0
BRDA:89,3,1,0
BRDA:99,4,0,0
BRDA:99,4,1,0
BRDA:108,5,0,0
BRDA:108,5,1,0
BRDA:117,6,0,0
BRDA:117,6,1,0
BRDA:126,7,0,0
BRDA:126,7,1,0
BRDA:136,8,0,0
BRDA:136,8,1,0
BRDA:145,9,0,0
BRDA:145,9,1,0
BRDA:154,10,0,0
BRDA:154,10,1,0
BRDA:164,11,0,0
BRDA:164,11,1,0
BRDA:174,12,0,0
BRDA:174,12,1,0
BRDA:183,13,0,0
BRDA:183,13,1,0
BRDA:196,14,0,0
BRDA:196,14,1,0
BRDA:201,15,0,0
BRDA:201,15,1,0
BRF:32
BRH:0
end_of_record
TN:
SF:src/middleware/rateLimiter.js
FN:6,(anonymous_0)
FN:13,(anonymous_1)
FN:17,(anonymous_2)
FN:18,(anonymous_3)
FN:21,(anonymous_4)
FN:27,(anonymous_5)
FN:81,(anonymous_6)
FN:85,(anonymous_7)
FN:86,(anonymous_8)
FN:92,(anonymous_9)
FN:96,(anonymous_10)
FN:97,(anonymous_11)
FN:103,(anonymous_12)
FN:107,(anonymous_13)
FN:108,(anonymous_14)
FN:115,(anonymous_15)
FN:126,(anonymous_16)
FNF:17
FNH:0
FNDA:0,(anonymous_0)
FNDA:0,(anonymous_1)
FNDA:0,(anonymous_2)
FNDA:0,(anonymous_3)
FNDA:0,(anonymous_4)
FNDA:0,(anonymous_5)
FNDA:0,(anonymous_6)
FNDA:0,(anonymous_7)
FNDA:0,(anonymous_8)
FNDA:0,(anonymous_9)
FNDA:0,(anonymous_10)
FNDA:0,(anonymous_11)
FNDA:0,(anonymous_12)
FNDA:0,(anonymous_13)
FNDA:0,(anonymous_14)
FNDA:0,(anonymous_15)
FNDA:0,(anonymous_16)
DA:1,0
DA:2,0
DA:3,0
DA:7,0
DA:8,0
DA:9,0
DA:17,0
DA:19,0
DA:21,0
DA:25,0
DA:27,0
DA:28,0
DA:29,0
DA:32,0
DA:33,0
DA:34,0
DA:36,0
DA:38,0
DA:40,0
DA:42,0
DA:50,0
DA:54,0
DA:57,0
DA:60,0
DA:61,0
DA:62,0
DA:63,0
DA:66,0
DA:67,0
DA:68,0
DA:69,0
DA:72,0
DA:74,0
DA:75,0
DA:82,0
DA:85,0
DA:87,0
DA:93,0
DA:96,0
DA:98,0
DA:104,0
DA:107,0
DA:109,0
DA:116,0
DA:117,0
DA:118,0
DA:120,0
DA:121,0
DA:127,0
DA:128,0
DA:129,0
DA:130,0
DA:131,0
DA:137,0
DA:138,0
DA:144,0
DA:146,0
LF:57
LH:0
BRDA:13,0,0,0
BRDA:15,1,0,0
BRDA:16,2,0,0
BRDA:17,3,0,0
BRDA:18,4,0,0
BRDA:21,5,0,0
BRDA:22,6,0,0
BRDA:23,7,0,0
BRDA:24,8,0,0
BRDA:28,9,0,0
BRDA:28,9,1,0
BRDA:40,10,0,0
BRDA:40,10,1,0
BRDA:60,11,0,0
BRDA:60,11,1,0
BRDA:66,12,0,0
BRDA:66,12,1,0
BRDA:107,13,0,0
BRDA:107,13,1,0
BRF:19
BRH:0
end_of_record
TN:
SF:src/middleware/securityHeaders.js
FN:57,(anonymous_0)
FNF:1
FNH:0
FNDA:0,(anonymous_0)
DA:1,0
DA:2,0
DA:5,0
DA:57,0
DA:58,0
DA:60,0
DA:63,0
DA:64,0
DA:65,0
DA:66,0
DA:69,0
DA:70,0
DA:71,0
DA:72,0
DA:73,0
DA:74,0
DA:75,0
DA:76,0
DA:80,0
DA:81,0
DA:83,0
DA:86,0
DA:87,0
DA:92,0
DA:95,0
DA:98,0
DA:100,0
LF:27
LH:0
BRDA:25,0,0,0
BRDA:25,0,1,0
BRDA:70,1,0,0
BRDA:70,1,1,0
BRDA:80,2,0,0
BRDA:80,2,1,0
BRF:6
BRH:0
end_of_record
TN:
SF:src/middleware/validation.js
FN:63,validateRequest
FNF:1
FNH:0
FNDA:0,validateRequest
DA:1,0
DA:2,0
DA:4,0
DA:16,0
DA:32,0
DA:48,0
DA:64,0
DA:65,0
DA:66,0
DA:71,0
DA:74,0
LF:11
LH:0
BRDA:65,0,0,0
BRDA:65,0,1,0
BRF:2
BRH:0
end_of_record
TN:
SF:src/middleware/validator.js
FN:92,(anonymous_0)
FN:93,(anonymous_1)
FN:128,(anonymous_2)
FN:129,(anonymous_3)
FNF:4
FNH:0
FNDA:0,(anonymous_0)
FNDA:0,(anonymous_1)
FNDA:0,(anonymous_2)
FNDA:0,(anonymous_3)
DA:1,0
DA:2,0
DA:3,0
DA:6,0
DA:92,0
DA:93,0
DA:94,0
DA:96,0
DA:97,0
DA:98,0
DA:99,0
DA:104,0
DA:105,0
DA:106,0
DA:107,0
DA:112,0
DA:113,0
DA:114,0
DA:115,0
DA:119,0
DA:121,0
DA:122,0
DA:128,0
DA:129,0
DA:130,0
DA:131,0
DA:132,0
DA:135,0
DA:136,0
DA:137,0
DA:140,0
DA:142,0
DA:143,0
DA:148,0
LF:34
LH:0
BRDA:96,0,0,0
BRDA:96,0,1,0
BRDA:96,1,0,0
BRDA:96,1,1,0
BRDA:98,2,0,0
BRDA:98,2,1,0
BRDA:104,3,0,0
BRDA:104,3,1,0
BRDA:104,4,0,0
BRDA:104,4,1,0
BRDA:106,5,0,0
BRDA:106,5,1,0
BRDA:112,6,0,0
BRDA:112,6,1,0
BRDA:112,7,0,0
BRDA:112,7,1,0
BRDA:114,8,0,0
BRDA:114,8,1,0
BRDA:131,9,0,0
BRDA:131,9,1,0
BRDA:136,10,0,0
BRDA:136,10,1,0
BRF:22
BRH:0
end_of_record
TN:
SF:src/routes/health.js
FN:8,(anonymous_0)
FN:29,(anonymous_1)
FN:52,(anonymous_2)
FN:70,(anonymous_3)
FN:95,(anonymous_4)
FNF:5
FNH:0
FNDA:0,(anonymous_0)
FNDA:0,(anonymous_1)
FNDA:0,(anonymous_2)
FNDA:0,(anonymous_3)
FNDA:0,(anonymous_4)
DA:1,0
DA:2,0
DA:3,0
DA:4,0
DA:5,0
DA:8,0
DA:9,0
DA:10,0
DA:11,0
DA:13,0
DA:20,0
DA:29,0
DA:30,0
DA:31,0
DA:32,0
DA:33,0
DA:35,0
DA:43,0
DA:52,0
DA:53,0
DA:54,0
DA:55,0
DA:61,0
DA:70,0
DA:71,0
DA:72,0
DA:73,0
DA:74,0
DA:79,0
DA:86,0
DA:95,0
DA:96,0
DA:97,0
DA:98,0
DA:99,0
DA:106,0
DA:114,0
LF:37
LH:0
BRDA:73,0,0,0
BRDA:73,0,1,0
BRDA:97,1,0,0
BRDA:97,1,1,0
BRF:4
BRH:0
end_of_record
TN:
SF:src/routes/dashboard/index.js
FN:20,(anonymous_0)
FNF:1
FNH:0
FNDA:0,(anonymous_0)
DA:1,0
DA:2,0
DA:3,0
DA:4,0
DA:5,0
DA:6,0
DA:7,0
DA:10,0
DA:11,0
DA:14,0
DA:15,0
DA:16,0
DA:17,0
DA:20,0
DA:21,0
DA:27,0
LF:16
LH:0
BRF:0
BRH:0
end_of_record
TN:
SF:src/routes/dashboard/metrics.js
FNF:0
FNH:0
DA:1,0
DA:2,0
DA:3,0
DA:4,0
DA:5,0
DA:7,0
DA:8,0
DA:9,0
DA:10,0
DA:12,0
LF:10
LH:0
BRF:0
BRH:0
end_of_record
TN:
SF:src/services/dashboard/metricsService.js
FN:6,(anonymous_0)
FN:20,(anonymous_1)
FN:44,(anonymous_2)
FN:60,(anonymous_3)
FN:76,(anonymous_4)
FN:80,(anonymous_5)
FN:81,(anonymous_6)
FN:82,(anonymous_7)
FN:85,(anonymous_8)
FN:86,(anonymous_9)
FN:87,(anonymous_10)
FN:89,(anonymous_11)
FN:93,(anonymous_12)
FN:96,(anonymous_13)
FN:100,(anonymous_14)
FN:105,(anonymous_15)
FN:106,(anonymous_16)
FN:111,(anonymous_17)
FN:116,(anonymous_18)
FN:121,(anonymous_19)
FNF:20
FNH:0
FNDA:0,(anonymous_0)
FNDA:0,(anonymous_1)
FNDA:0,(anonymous_2)
FNDA:0,(anonymous_3)
FNDA:0,(anonymous_4)
FNDA:0,(anonymous_5)
FNDA:0,(anonymous_6)
FNDA:0,(anonymous_7)
FNDA:0,(anonymous_8)
FNDA:0,(anonymous_9)
FNDA:0,(anonymous_10)
FNDA:0,(anonymous_11)
FNDA:0,(anonymous_12)
FNDA:0,(anonymous_13)
FNDA:0,(anonymous_14)
FNDA:0,(anonymous_15)
FNDA:0,(anonymous_16)
FNDA:0,(anonymous_17)
FNDA:0,(anonymous_18)
FNDA:0,(anonymous_19)
DA:1,0
DA:2,0
DA:3,0
DA:7,0
DA:13,0
DA:21,0
DA:22,0
DA:23,0
DA:25,0
DA:45,0
DA:56,0
DA:57,0
DA:61,0
DA:72,0
DA:73,0
DA:77,0
DA:80,0
DA:81,0
DA:82,0
DA:85,0
DA:86,0
DA:87,0
DA:89,0
DA:94,0
DA:96,0
DA:100,0
DA:106,0
DA:107,0
DA:108,0
DA:113,0
DA:118,0
DA:122,0
DA:123,0
DA:124,0
DA:125,0
DA:126,0
DA:130,0
LF:37
LH:0
BRDA:79,0,0,0
BRDA:79,0,1,0
BRDA:95,1,0,0
BRDA:95,1,1,0
BRDA:122,2,0,0
BRDA:122,2,1,0
BRDA:126,3,0,0
BRDA:126,3,1,0
BRDA:126,4,0,0
BRDA:126,4,1,0
BRF:10
BRH:0
end_of_record
TN:
SF:src/services/monitoring/analytics-service.js
FN:6,(anonymous_0)
FN:11,(anonymous_1)
FN:14,(anonymous_2)
FN:24,(anonymous_3)
FN:55,(anonymous_4)
FN:75,(anonymous_5)
FN:94,(anonymous_6)
FN:130,(anonymous_7)
FN:132,(anonymous_8)
FN:135,(anonymous_9)
FN:155,(anonymous_10)
FN:165,(anonymous_11)
FN:167,(anonymous_12)
FN:180,(anonymous_13)
FN:187,(anonymous_14)
FN:201,(anonymous_15)
FN:219,(anonymous_16)
FN:237,(anonymous_17)
FN:244,(anonymous_18)
FN:252,(anonymous_19)
FN:272,(anonymous_20)
FN:291,(anonymous_21)
FN:304,(anonymous_22)
FN:312,(anonymous_23)
FN:317,(anonymous_24)
FN:324,(anonymous_25)
FN:343,(anonymous_26)
FN:349,(anonymous_27)
FN:366,(anonymous_28)
FNF:29
FNH:0
FNDA:0,(anonymous_0)
FNDA:0,(anonymous_1)
FNDA:0,(anonymous_2)
FNDA:0,(anonymous_3)
FNDA:0,(anonymous_4)
FNDA:0,(anonymous_5)
FNDA:0,(anonymous_6)
FNDA:0,(anonymous_7)
FNDA:0,(anonymous_8)
FNDA:0,(anonymous_9)
FNDA:0,(anonymous_10)
FNDA:0,(anonymous_11)
FNDA:0,(anonymous_12)
FNDA:0,(anonymous_13)
FNDA:0,(anonymous_14)
FNDA:0,(anonymous_15)
FNDA:0,(anonymous_16)
FNDA:0,(anonymous_17)
FNDA:0,(anonymous_18)
FNDA:0,(anonymous_19)
FNDA:0,(anonymous_20)
FNDA:0,(anonymous_21)
FNDA:0,(anonymous_22)
FNDA:0,(anonymous_23)
FNDA:0,(anonymous_24)
FNDA:0,(anonymous_25)
FNDA:0,(anonymous_26)
FNDA:0,(anonymous_27)
FNDA:0,(anonymous_28)
DA:1,0
DA:2,0
DA:3,0
DA:7,0
DA:8,0
DA:12,0
DA:14,0
DA:16,0
DA:18,0
DA:19,0
DA:25,0
DA:26,0
DA:27,0
DA:29,0
DA:37,0
DA:38,0
DA:41,0
DA:44,0
DA:47,0
DA:48,0
DA:51,0
DA:56,0
DA:57,0
DA:58,0
DA:65,0
DA:66,0
DA:69,0
DA:71,0
DA:76,0
DA:77,0
DA:80,0
DA:83,0
DA:86,0
DA:87,0
DA:89,0
DA:95,0
DA:96,0
DA:97,0
DA:100,0
DA:118,0
DA:119,0
DA:122,0
DA:124,0
DA:126,0
DA:131,0
DA:132,0
DA:136,0
DA:137,0
DA:139,0
DA:140,0
DA:141,0
DA:142,0
DA:143,0
DA:145,0
DA:152,0
DA:156,0
DA:157,0
DA:159,0
DA:160,0
DA:161,0
DA:163,0
DA:164,0
DA:165,0
DA:167,0
DA:168,0
DA:171,0
DA:172,0
DA:174,0
DA:177,0
DA:181,0
DA:182,0
DA:183,0
DA:185,0
DA:186,0
DA:187,0
DA:189,0
DA:190,0
DA:191,0
DA:192,0
DA:197,0
DA:202,0
DA:203,0
DA:204,0
DA:206,0
DA:207,0
DA:208,0
DA:211,0
DA:220,0
DA:221,0
DA:222,0
DA:224,0
DA:225,0
DA:226,0
DA:227,0
DA:230,0
DA:238,0
DA:239,0
DA:241,0
DA:242,0
DA:244,0
DA:253,0
DA:254,0
DA:256,0
DA:257,0
DA:258,0
DA:259,0
DA:260,0
DA:263,0
DA:264,0
DA:269,0
DA:273,0
DA:274,0
DA:276,0
DA:277,0
DA:278,0
DA:279,0
DA:280,0
DA:282,0
DA:283,0
DA:288,0
DA:294,0
DA:306,0
DA:307,0
DA:308,0
DA:313,0
DA:314,0
DA:315,0
DA:317,0
DA:319,0
DA:320,0
DA:325,0
DA:326,0
DA:327,0
DA:328,0
DA:329,0
DA:331,0
DA:337,0
DA:338,0
DA:344,0
DA:346,0
DA:347,0
DA:348,0
DA:349,0
DA:350,0
DA:351,0
DA:354,0
DA:355,0
DA:356,0
DA:357,0
DA:363,0
DA:364,0
DA:365,0
DA:366,0
DA:367,0
DA:370,0
DA:371,0
DA:372,0
DA:373,0
DA:378,0
DA:380,0
DA:386,0
DA:388,0
LF:162
LH:0
BRDA:24,0,0,0
BRDA:47,1,0,0
BRDA:47,1,1,0
BRDA:140,2,0,0
BRDA:140,2,1,0
BRDA:140,3,0,0
BRDA:140,3,1,0
BRDA:171,4,0,0
BRDA:171,4,1,0
BRDA:177,5,0,0
BRDA:177,5,1,0
BRDA:190,6,0,0
BRDA:190,6,1,0
BRDA:197,7,0,0
BRDA:197,7,1,0
BRDA:212,8,0,0
BRDA:212,8,1,0
BRDA:215,9,0,0
BRDA:215,9,1,0
BRDA:227,10,0,0
BRDA:227,10,1,0
BRDA:239,11,0,0
BRDA:239,11,1,0
BRDA:247,12,0,0
BRDA:247,12,1,0
BRDA:260,13,0,0
BRDA:260,13,1,0
BRDA:264,14,0,0
BRDA:264,14,1,0
BRDA:280,15,0,0
BRDA:280,15,1,0
BRDA:283,16,0,0
BRDA:283,16,1,0
BRDA:306,17,0,0
BRDA:306,17,1,0
BRDA:307,18,0,0
BRDA:307,18,1,0
BRDA:312,19,0,0
BRDA:354,20,0,0
BRDA:354,20,1,0
BRDA:356,21,0,0
BRDA:356,21,1,0
BRDA:370,22,0,0
BRDA:370,22,1,0
BRDA:372,23,0,0
BRDA:372,23,1,0
BRF:46
BRH:0
end_of_record
TN:
SF:src/services/monitoring/error-monitoring-service.js
FN:7,(anonymous_0)
FN:20,(anonymous_1)
FN:51,(anonymous_2)
FN:82,(anonymous_3)
FN:84,(anonymous_4)
FN:90,(anonymous_5)
FN:123,(anonymous_6)
FN:125,(anonymous_7)
FN:148,(anonymous_8)
FN:162,(anonymous_9)
FN:163,(anonymous_10)
FN:171,(anonymous_11)
FN:187,(anonymous_12)
FN:208,(anonymous_13)
FN:223,(anonymous_14)
FN:250,(anonymous_15)
FN:259,(anonymous_16)
FN:272,(anonymous_17)
FN:277,(anonymous_18)
FN:287,(anonymous_19)
FN:297,(anonymous_20)
FN:308,(anonymous_21)
FN:317,(anonymous_22)
FN:325,(anonymous_23)
FNF:24
FNH:0
FNDA:0,(anonymous_0)
FNDA:0,(anonymous_1)
FNDA:0,(anonymous_2)
FNDA:0,(anonymous_3)
FNDA:0,(anonymous_4)
FNDA:0,(anonymous_5)
FNDA:0,(anonymous_6)
FNDA:0,(anonymous_7)
FNDA:0,(anonymous_8)
FNDA:0,(anonymous_9)
FNDA:0,(anonymous_10)
FNDA:0,(anonymous_11)
FNDA:0,(anonymous_12)
FNDA:0,(anonymous_13)
FNDA:0,(anonymous_14)
FNDA:0,(anonymous_15)
FNDA:0,(anonymous_16)
FNDA:0,(anonymous_17)
FNDA:0,(anonymous_18)
FNDA:0,(anonymous_19)
FNDA:0,(anonymous_20)
FNDA:0,(anonymous_21)
FNDA:0,(anonymous_22)
FNDA:0,(anonymous_23)
DA:1,0
DA:2,0
DA:3,0
DA:4,0
DA:8,0
DA:9,0
DA:10,0
DA:11,0
DA:12,0
DA:17,0
DA:21,0
DA:22,0
DA:31,0
DA:34,0
DA:39,0
DA:40,0
DA:53,0
DA:54,0
DA:56,0
DA:70,0
DA:71,0
DA:73,0
DA:77,0
DA:79,0
DA:84,0
DA:85,0
DA:86,0
DA:91,0
DA:92,0
DA:93,0
DA:97,0
DA:105,0
DA:106,0
DA:107,0
DA:108,0
DA:112,0
DA:115,0
DA:122,0
DA:123,0
DA:125,0
DA:126,0
DA:130,0
DA:131,0
DA:134,0
DA:135,0
DA:136,0
DA:137,0
DA:140,0
DA:145,0
DA:149,0
DA:150,0
DA:151,0
DA:155,0
DA:161,0
DA:162,0
DA:163,0
DA:164,0
DA:166,0
DA:172,0
DA:173,0
DA:176,0
DA:177,0
DA:180,0
DA:188,0
DA:189,0
DA:191,0
DA:194,0
DA:196,0
DA:198,0
DA:200,0
DA:202,0
DA:205,0
DA:209,0
DA:210,0
DA:211,0
DA:212,0
DA:213,0
DA:214,0
DA:215,0
DA:216,0
DA:217,0
DA:218,0
DA:220,0
DA:224,0
DA:225,0
DA:228,0
DA:229,0
DA:230,0
DA:239,0
DA:240,0
DA:241,0
DA:250,0
DA:251,0
DA:252,0
DA:261,0
DA:264,0
DA:265,0
DA:272,0
DA:273,0
DA:278,0
DA:279,0
DA:282,0
DA:283,0
DA:288,0
DA:289,0
DA:292,0
DA:293,0
DA:298,0
DA:299,0
DA:302,0
DA:303,0
DA:309,0
DA:316,0
DA:317,0
DA:318,0
DA:322,0
DA:327,0
DA:328,0
DA:329,0
DA:330,0
DA:332,0
DA:337,0
DA:339,0
LF:123
LH:0
BRDA:20,0,0,0
BRDA:21,1,0,0
BRDA:21,1,1,0
BRDA:27,2,0,0
BRDA:27,3,0,0
BRDA:27,3,1,0
BRDA:28,4,0,0
BRDA:29,5,0,0
BRDA:30,6,0,0
BRDA:39,7,0,0
BRDA:39,7,1,0
BRDA:53,8,0,0
BRDA:53,8,1,0
BRDA:59,9,0,0
BRDA:59,9,1,0
BRDA:61,10,0,0
BRDA:61,10,1,0
BRDA:90,11,0,0
BRDA:91,12,0,0
BRDA:91,12,1,0
BRDA:105,13,0,0
BRDA:105,13,1,0
BRDA:122,14,0,0
BRDA:122,14,1,0
BRDA:134,15,0,0
BRDA:134,15,1,0
BRDA:135,16,0,0
BRDA:135,16,1,0
BRDA:136,17,0,0
BRDA:136,17,1,0
BRDA:148,18,0,0
BRDA:148,19,0,0
BRDA:149,20,0,0
BRDA:149,20,1,0
BRDA:161,21,0,0
BRDA:161,21,1,0
BRDA:173,22,0,0
BRDA:173,22,1,0
BRDA:176,23,0,0
BRDA:176,23,1,0
BRDA:188,24,0,0
BRDA:188,24,1,0
BRDA:189,25,0,0
BRDA:189,25,1,0
BRDA:189,25,2,0
BRDA:189,25,3,0
BRDA:189,25,4,0
BRDA:189,25,5,0
BRDA:189,25,6,0
BRDA:209,26,0,0
BRDA:209,26,1,0
BRDA:210,27,0,0
BRDA:210,27,1,0
BRDA:211,28,0,0
BRDA:211,28,1,0
BRDA:212,29,0,0
BRDA:212,29,1,0
BRDA:213,30,0,0
BRDA:213,30,1,0
BRDA:214,31,0,0
BRDA:214,31,1,0
BRDA:215,32,0,0
BRDA:215,32,1,0
BRDA:216,33,0,0
BRDA:216,33,1,0
BRDA:217,34,0,0
BRDA:217,34,1,0
BRDA:224,35,0,0
BRDA:224,35,1,0
BRDA:225,36,0,0
BRDA:225,36,1,0
BRDA:228,37,0,0
BRDA:228,37,1,0
BRDA:228,38,0,0
BRDA:228,38,1,0
BRDA:229,39,0,0
BRDA:229,39,1,0
BRDA:239,40,0,0
BRDA:239,40,1,0
BRDA:239,41,0,0
BRDA:239,41,1,0
BRDA:240,42,0,0
BRDA:240,42,1,0
BRDA:251,43,0,0
BRDA:251,43,1,0
BRDA:264,44,0,0
BRDA:264,44,1,0
BRDA:266,45,0,0
BRDA:266,45,1,0
BRDA:278,46,0,0
BRDA:278,46,1,0
BRDA:282,47,0,0
BRDA:282,47,1,0
BRDA:288,48,0,0
BRDA:288,48,1,0
BRDA:292,49,0,0
BRDA:292,49,1,0
BRDA:298,50,0,0
BRDA:298,50,1,0
BRDA:302,51,0,0
BRDA:302,51,1,0
BRDA:316,52,0,0
BRDA:316,52,1,0
BRDA:328,53,0,0
BRDA:328,53,1,0
BRDA:328,54,0,0
BRDA:328,54,1,0
BRF:107
BRH:0
end_of_record
TN:
SF:src/services/monitoring/health-check-service.js
FN:7,(anonymous_0)
FN:20,(anonymous_1)
FN:35,(anonymous_2)
FN:67,(anonymous_3)
FN:85,(anonymous_4)
FN:95,(anonymous_5)
FN:113,(anonymous_6)
FN:116,(anonymous_7)
FN:128,(anonymous_8)
FN:149,(anonymous_9)
FNF:10
FNH:0
FNDA:0,(anonymous_0)
FNDA:0,(anonymous_1)
FNDA:0,(anonymous_2)
FNDA:0,(anonymous_3)
FNDA:0,(anonymous_4)
FNDA:0,(anonymous_5)
FNDA:0,(anonymous_6)
FNDA:0,(anonymous_7)
FNDA:0,(anonymous_8)
FNDA:0,(anonymous_9)
DA:1,0
DA:2,0
DA:3,0
DA:4,0
DA:8,0
DA:16,0
DA:17,0
DA:21,0
DA:23,0
DA:24,0
DA:25,0
DA:26,0
DA:28,0
DA:30,0
DA:31,0
DA:36,0
DA:37,0
DA:38,0
DA:40,0
DA:43,0
DA:48,0
DA:54,0
DA:60,0
DA:63,0
DA:68,0
DA:70,0
DA:73,0
DA:74,0
DA:76,0
DA:81,0
DA:86,0
DA:88,0
DA:94,0
DA:96,0
DA:97,0
DA:98,0
DA:104,0
DA:113,0
DA:115,0
DA:116,0
DA:119,0
DA:124,0
DA:129,0
DA:133,0
DA:135,0
DA:136,0
DA:139,0
DA:144,0
DA:150,0
DA:151,0
DA:152,0
DA:153,0
DA:155,0
DA:161,0
DA:163,0
LF:55
LH:0
BRDA:115,0,0,0
BRDA:115,0,1,0
BRDA:135,1,0,0
BRDA:135,1,1,0
BRF:4
BRH:0
end_of_record
TN:
SF:src/services/monitoring/monitoring-service.js
FN:6,(anonymous_0)
FN:24,(anonymous_1)
FN:30,(anonymous_2)
FN:33,(anonymous_3)
FN:43,(anonymous_4)
FN:59,(anonymous_5)
FN:73,(anonymous_6)
FN:97,(anonymous_7)
FN:116,(anonymous_8)
FN:130,(anonymous_9)
FN:134,(anonymous_10)
FN:170,(anonymous_11)
FN:193,(anonymous_12)
FN:205,(anonymous_13)
FN:225,(anonymous_14)
FNF:15
FNH:0
FNDA:0,(anonymous_0)
FNDA:0,(anonymous_1)
FNDA:0,(anonymous_2)
FNDA:0,(anonymous_3)
FNDA:0,(anonymous_4)
FNDA:0,(anonymous_5)
FNDA:0,(anonymous_6)
FNDA:0,(anonymous_7)
FNDA:0,(anonymous_8)
FNDA:0,(anonymous_9)
FNDA:0,(anonymous_10)
FNDA:0,(anonymous_11)
FNDA:0,(anonymous_12)
FNDA:0,(anonymous_13)
FNDA:0,(anonymous_14)
DA:1,0
DA:2,0
DA:3,0
DA:7,0
DA:8,0
DA:20,0
DA:21,0
DA:25,0
DA:27,0
DA:30,0
DA:33,0
DA:35,0
DA:37,0
DA:38,0
DA:44,0
DA:45,0
DA:48,0
DA:54,0
DA:55,0
DA:59,0
DA:60,0
DA:61,0
DA:62,0
DA:67,0
DA:70,0
DA:74,0
DA:75,0
DA:78,0
DA:85,0
DA:88,0
DA:89,0
DA:98,0
DA:99,0
DA:105,0
DA:106,0
DA:109,0
DA:117,0
DA:126,0
DA:131,0
DA:135,0
DA:137,0
DA:138,0
DA:139,0
DA:140,0
DA:146,0
DA:153,0
DA:161,0
DA:166,0
DA:171,0
DA:172,0
DA:173,0
DA:176,0
DA:177,0
DA:184,0
DA:189,0
DA:197,0
DA:206,0
DA:207,0
DA:220,0
DA:226,0
DA:228,0
DA:229,0
DA:230,0
DA:231,0
DA:232,0
DA:237,0
DA:238,0
DA:239,0
DA:242,0
DA:244,0
DA:250,0
DA:252,0
LF:72
LH:0
BRDA:50,0,0,0
BRDA:50,0,1,0
BRDA:54,1,0,0
BRDA:54,1,1,0
BRDA:88,2,0,0
BRDA:88,2,1,0
BRDA:97,3,0,0
BRDA:176,4,0,0
BRDA:176,4,1,0
BRDA:176,5,0,0
BRDA:176,5,1,0
BRDA:176,5,2,0
BRDA:231,6,0,0
BRDA:231,6,1,0
BRF:14
BRH:0
end_of_record
TN:
SF:src/services/monitoring/telegram-notification-service.js
FN:5,(anonymous_0)
FN:12,(anonymous_1)
FN:35,(anonymous_2)
FN:74,(anonymous_3)
FN:94,(anonymous_4)
FN:99,(anonymous_5)
FN:104,(anonymous_6)
FN:115,(anonymous_7)
FN:117,(anonymous_8)
FN:124,(anonymous_9)
FN:139,(anonymous_10)
FN:149,(anonymous_11)
FN:161,(anonymous_12)
FN:174,(anonymous_13)
FN:178,(anonymous_14)
FN:184,(anonymous_15)
FN:185,(anonymous_16)
FN:187,(anonymous_17)
FNF:18
FNH:0
FNDA:0,(anonymous_0)
FNDA:0,(anonymous_1)
FNDA:0,(anonymous_2)
FNDA:0,(anonymous_3)
FNDA:0,(anonymous_4)
FNDA:0,(anonymous_5)
FNDA:0,(anonymous_6)
FNDA:0,(anonymous_7)
FNDA:0,(anonymous_8)
FNDA:0,(anonymous_9)
FNDA:0,(anonymous_10)
FNDA:0,(anonymous_11)
FNDA:0,(anonymous_12)
FNDA:0,(anonymous_13)
FNDA:0,(anonymous_14)
FNDA:0,(anonymous_15)
FNDA:0,(anonymous_16)
FNDA:0,(anonymous_17)
DA:1,0
DA:2,0
DA:6,0
DA:7,0
DA:8,0
DA:9,0
DA:13,0
DA:14,0
DA:15,0
DA:18,0
DA:19,0
DA:27,0
DA:28,0
DA:30,0
DA:31,0
DA:36,0
DA:37,0
DA:40,0
DA:41,0
DA:43,0
DA:45,0
DA:46,0
DA:47,0
DA:48,0
DA:49,0
DA:50,0
DA:51,0
DA:52,0
DA:54,0
DA:57,0
DA:58,0
DA:59,0
DA:60,0
DA:61,0
DA:62,0
DA:63,0
DA:64,0
DA:66,0
DA:69,0
DA:70,0
DA:71,0
DA:72,0
DA:73,0
DA:74,0
DA:75,0
DA:78,0
DA:81,0
DA:82,0
DA:86,0
DA:87,0
DA:88,0
DA:91,0
DA:95,0
DA:96,0
DA:100,0
DA:101,0
DA:105,0
DA:106,0
DA:109,0
DA:110,0
DA:113,0
DA:114,0
DA:115,0
DA:116,0
DA:117,0
DA:118,0
DA:123,0
DA:124,0
DA:125,0
DA:126,0
DA:127,0
DA:128,0
DA:129,0
DA:130,0
DA:132,0
DA:133,0
DA:138,0
DA:139,0
DA:140,0
DA:141,0
DA:142,0
DA:145,0
DA:146,0
DA:150,0
DA:161,0
DA:162,0
DA:163,0
DA:164,0
DA:165,0
DA:166,0
DA:167,0
DA:168,0
DA:169,0
DA:173,0
DA:174,0
DA:179,0
DA:181,0
DA:183,0
DA:184,0
DA:185,0
DA:187,0
DA:189,0
DA:195,0
DA:197,0
LF:104
LH:0
BRDA:9,0,0,0
BRDA:9,0,1,0
BRDA:12,1,0,0
BRDA:13,2,0,0
BRDA:13,2,1,0
BRDA:40,3,0,0
BRDA:40,3,1,0
BRDA:41,4,0,0
BRDA:41,4,1,0
BRDA:43,5,0,0
BRDA:43,5,1,0
BRDA:43,5,2,0
BRDA:43,5,3,0
BRDA:49,6,0,0
BRDA:49,6,1,0
BRDA:50,7,0,0
BRDA:50,7,1,0
BRDA:51,8,0,0
BRDA:51,8,1,0
BRDA:52,9,0,0
BRDA:52,9,1,0
BRDA:61,10,0,0
BRDA:61,10,1,0
BRDA:62,11,0,0
BRDA:62,11,1,0
BRDA:63,12,0,0
BRDA:63,12,1,0
BRDA:64,13,0,0
BRDA:64,13,1,0
BRDA:72,14,0,0
BRDA:72,14,1,0
BRDA:74,15,0,0
BRDA:74,15,1,0
BRDA:87,16,0,0
BRDA:87,16,1,0
BRDA:109,17,0,0
BRDA:109,17,1,0
BRDA:110,18,0,0
BRDA:110,18,1,0
BRDA:128,19,0,0
BRDA:128,19,1,0
BRDA:129,20,0,0
BRDA:129,20,1,0
BRDA:130,21,0,0
BRDA:130,21,1,0
BRDA:132,22,0,0
BRDA:132,22,1,0
BRDA:141,23,0,0
BRDA:141,23,1,0
BRDA:163,24,0,0
BRDA:163,24,1,0
BRDA:164,25,0,0
BRDA:164,25,1,0
BRDA:165,26,0,0
BRDA:165,26,1,0
BRDA:166,27,0,0
BRDA:166,27,1,0
BRDA:167,28,0,0
BRDA:167,28,1,0
BRDA:168,29,0,0
BRDA:168,29,1,0
BRDA:179,30,0,0
BRDA:179,30,1,0
BRDA:179,30,2,0
BRDA:179,30,3,0
BRF:65
BRH:0
end_of_record
TN:
SF:src/utils/asyncHandler.js
FN:1,(anonymous_0)
FN:2,(anonymous_1)
FNF:2
FNH:0
FNDA:0,(anonymous_0)
FNDA:0,(anonymous_1)
DA:1,0
DA:2,0
DA:3,0
DA:7,0
LF:4
LH:0
BRF:0
BRH:0
end_of_record
TN:
SF:src/utils/errors.js
FN:2,(anonymous_0)
FN:14,(anonymous_1)
FN:23,(anonymous_2)
FN:31,(anonymous_3)
FN:39,(anonymous_4)
FN:47,(anonymous_5)
FN:55,(anonymous_6)
FNF:7
FNH:0
FNDA:0,(anonymous_0)
FNDA:0,(anonymous_1)
FNDA:0,(anonymous_2)
FNDA:0,(anonymous_3)
FNDA:0,(anonymous_4)
FNDA:0,(anonymous_5)
FNDA:0,(anonymous_6)
DA:3,0
DA:4,0
DA:5,0
DA:6,0
DA:7,0
DA:9,0
DA:15,0
DA:24,0
DA:32,0
DA:40,0
DA:48,0
DA:55,0
DA:56,0
DA:57,0
DA:59,0
DA:60,0
DA:71,0
DA:72,0
DA:82,0
DA:83,0
DA:94,0
LF:21
LH:0
BRDA:2,0,0,0
BRDA:6,1,0,0
BRDA:6,1,1,0
BRDA:23,2,0,0
BRDA:31,3,0,0
BRDA:39,4,0,0
BRDA:56,5,0,0
BRDA:56,5,1,0
BRDA:57,6,0,0
BRDA:57,6,1,0
BRDA:59,7,0,0
BRDA:59,7,1,0
BRDA:63,8,0,0
BRDA:63,8,1,0
BRDA:71,9,0,0
BRDA:71,9,1,0
BRDA:75,10,0,0
BRDA:75,10,1,0
BRF:18
BRH:0
end_of_record
TN:
SF:src/utils/errors/AppError.js
FN:2,(anonymous_0)
FN:14,(anonymous_1)
FN:29,(anonymous_2)
FN:35,(anonymous_3)
FN:41,(anonymous_4)
FN:47,(anonymous_5)
FN:54,(anonymous_6)
FN:60,(anonymous_7)
FN:66,(anonymous_8)
FN:72,(anonymous_9)
FN:78,(anonymous_10)
FN:85,(anonymous_11)
FN:91,(anonymous_12)
FN:97,(anonymous_13)
FN:103,(anonymous_14)
FN:109,(anonymous_15)
FN:115,(anonymous_16)
FN:121,(anonymous_17)
FN:128,(anonymous_18)
FN:134,(anonymous_19)
FN:140,(anonymous_20)
FN:147,(anonymous_21)
FN:153,(anonymous_22)
FN:159,(anonymous_23)
FN:165,(anonymous_24)
FN:171,(anonymous_25)
FN:178,(anonymous_26)
FN:184,(anonymous_27)
FN:190,(anonymous_28)
FN:197,(anonymous_29)
FN:203,(anonymous_30)
FN:209,(anonymous_31)
FN:215,(anonymous_32)
FN:221,(anonymous_33)
FNF:34
FNH:0
FNDA:0,(anonymous_0)
FNDA:0,(anonymous_1)
FNDA:0,(anonymous_2)
FNDA:0,(anonymous_3)
FNDA:0,(anonymous_4)
FNDA:0,(anonymous_5)
FNDA:0,(anonymous_6)
FNDA:0,(anonymous_7)
FNDA:0,(anonymous_8)
FNDA:0,(anonymous_9)
FNDA:0,(anonymous_10)
FNDA:0,(anonymous_11)
FNDA:0,(anonymous_12)
FNDA:0,(anonymous_13)
FNDA:0,(anonymous_14)
FNDA:0,(anonymous_15)
FNDA:0,(anonymous_16)
FNDA:0,(anonymous_17)
FNDA:0,(anonymous_18)
FNDA:0,(anonymous_19)
FNDA:0,(anonymous_20)
FNDA:0,(anonymous_21)
FNDA:0,(anonymous_22)
FNDA:0,(anonymous_23)
FNDA:0,(anonymous_24)
FNDA:0,(anonymous_25)
FNDA:0,(anonymous_26)
FNDA:0,(anonymous_27)
FNDA:0,(anonymous_28)
FNDA:0,(anonymous_29)
FNDA:0,(anonymous_30)
FNDA:0,(anonymous_31)
FNDA:0,(anonymous_32)
FNDA:0,(anonymous_33)
DA:3,0
DA:4,0
DA:5,0
DA:6,0
DA:7,0
DA:8,0
DA:11,0
DA:15,0
DA:30,0
DA:36,0
DA:42,0
DA:48,0
DA:55,0
DA:61,0
DA:67,0
DA:73,0
DA:79,0
DA:86,0
DA:92,0
DA:98,0
DA:104,0
DA:110,0
DA:116,0
DA:122,0
DA:129,0
DA:135,0
DA:141,0
DA:148,0
DA:154,0
DA:160,0
DA:166,0
DA:172,0
DA:179,0
DA:185,0
DA:191,0
DA:198,0
DA:204,0
DA:210,0
DA:216,0
DA:222,0
DA:226,0
LF:41
LH:0
BRDA:2,0,0,0
BRDA:2,1,0,0
BRDA:2,2,0,0
BRDA:22,3,0,0
BRDA:22,3,1,0
BRDA:29,4,0,0
BRDA:35,5,0,0
BRDA:35,6,0,0
BRDA:41,7,0,0
BRDA:41,8,0,0
BRDA:47,9,0,0
BRDA:47,10,0,0
BRDA:54,11,0,0
BRDA:60,12,0,0
BRDA:60,13,0,0
BRDA:66,14,0,0
BRDA:66,15,0,0
BRDA:72,16,0,0
BRDA:72,17,0,0
BRDA:78,18,0,0
BRDA:78,19,0,0
BRDA:85,20,0,0
BRDA:91,21,0,0
BRDA:91,22,0,0
BRDA:97,23,0,0
BRDA:97,24,0,0
BRDA:103,25,0,0
BRDA:103,26,0,0
BRDA:109,27,0,0
BRDA:115,28,0,0
BRDA:115,29,0,0
BRDA:121,30,0,0
BRDA:121,31,0,0
BRDA:128,32,0,0
BRDA:134,33,0,0
BRDA:134,34,0,0
BRDA:140,35,0,0
BRDA:140,36,0,0
BRDA:147,37,0,0
BRDA:153,38,0,0
BRDA:153,39,0,0
BRDA:159,40,0,0
BRDA:159,41,0,0
BRDA:165,42,0,0
BRDA:171,43,0,0
BRDA:171,44,0,0
BRDA:178,45,0,0
BRDA:184,46,0,0
BRDA:184,47,0,0
BRDA:190,48,0,0
BRDA:190,49,0,0
BRDA:197,50,0,0
BRDA:203,51,0,0
BRDA:203,52,0,0
BRDA:209,53,0,0
BRDA:209,54,0,0
BRDA:215,55,0,0
BRDA:215,56,0,0
BRDA:221,57,0,0
BRDA:221,58,0,0
BRF:60
BRH:0
end_of_record
